<?xml version="1.0" encoding="UTF-8"?>
<testsuite xmlns:xsi="http://www.w3.org/2001/XMLSchema-instance" xsi:noNamespaceSchemaLocation="https://maven.apache.org/surefire/maven-surefire-plugin/xsd/surefire-test-report.xsd" version="3.0.1" name="TestSuite" time="21.609" tests="8" errors="0" skipped="0" failures="0">
  <properties>
    <property name="java.specification.version" value="21"/>
    <property name="sun.cpu.isalist" value="amd64"/>
    <property name="sun.jnu.encoding" value="Cp1252"/>
    <property name="java.class.path" value="C:\Users\DELL\eclipse-workspace\Herokuapp_restAssured\target\test-classes;C:\Users\DELL\eclipse-workspace\Herokuapp_restAssured\target\classes;C:\Users\DELL\.m2\repository\io\rest-assured\rest-assured\5.5.1\rest-assured-5.5.1.jar;C:\Users\DELL\.m2\repository\org\apache\groovy\groovy\4.0.22\groovy-4.0.22.jar;C:\Users\DELL\.m2\repository\org\apache\groovy\groovy-xml\4.0.22\groovy-xml-4.0.22.jar;C:\Users\DELL\.m2\repository\org\apache\httpcomponents\httpclient\4.5.13\httpclient-4.5.13.jar;C:\Users\DELL\.m2\repository\org\apache\httpcomponents\httpcore\4.4.13\httpcore-4.4.13.jar;C:\Users\DELL\.m2\repository\commons-logging\commons-logging\1.2\commons-logging-1.2.jar;C:\Users\DELL\.m2\repository\org\apache\httpcomponents\httpmime\4.5.13\httpmime-4.5.13.jar;C:\Users\DELL\.m2\repository\org\ccil\cowan\tagsoup\tagsoup\1.2.1\tagsoup-1.2.1.jar;C:\Users\DELL\.m2\repository\io\rest-assured\json-path\5.5.1\json-path-5.5.1.jar;C:\Users\DELL\.m2\repository\org\apache\groovy\groovy-json\4.0.22\groovy-json-4.0.22.jar;C:\Users\DELL\.m2\repository\io\rest-assured\rest-assured-common\5.5.1\rest-assured-common-5.5.1.jar;C:\Users\DELL\.m2\repository\io\rest-assured\xml-path\5.5.1\xml-path-5.5.1.jar;C:\Users\DELL\.m2\repository\org\apache\commons\commons-lang3\3.16.0\commons-lang3-3.16.0.jar;C:\Users\DELL\.m2\repository\org\hamcrest\hamcrest\3.0\hamcrest-3.0.jar;C:\Users\DELL\.m2\repository\com\fasterxml\jackson\core\jackson-databind\2.18.2\jackson-databind-2.18.2.jar;C:\Users\DELL\.m2\repository\com\fasterxml\jackson\core\jackson-annotations\2.18.2\jackson-annotations-2.18.2.jar;C:\Users\DELL\.m2\repository\com\fasterxml\jackson\core\jackson-core\2.18.2\jackson-core-2.18.2.jar;C:\Users\DELL\.m2\repository\org\apache\poi\poi\5.4.0\poi-5.4.0.jar;C:\Users\DELL\.m2\repository\commons-codec\commons-codec\1.17.1\commons-codec-1.17.1.jar;C:\Users\DELL\.m2\repository\org\apache\commons\commons-collections4\4.4\commons-collections4-4.4.jar;C:\Users\DELL\.m2\repository\org\apache\commons\commons-math3\3.6.1\commons-math3-3.6.1.jar;C:\Users\DELL\.m2\repository\commons-io\commons-io\2.18.0\commons-io-2.18.0.jar;C:\Users\DELL\.m2\repository\com\zaxxer\SparseBitSet\1.3\SparseBitSet-1.3.jar;C:\Users\DELL\.m2\repository\org\apache\logging\log4j\log4j-api\2.24.3\log4j-api-2.24.3.jar;C:\Users\DELL\.m2\repository\org\apache\poi\poi-ooxml\5.4.0\poi-ooxml-5.4.0.jar;C:\Users\DELL\.m2\repository\org\apache\poi\poi-ooxml-lite\5.4.0\poi-ooxml-lite-5.4.0.jar;C:\Users\DELL\.m2\repository\org\apache\xmlbeans\xmlbeans\5.3.0\xmlbeans-5.3.0.jar;C:\Users\DELL\.m2\repository\org\apache\commons\commons-compress\1.27.1\commons-compress-1.27.1.jar;C:\Users\DELL\.m2\repository\com\github\virtuald\curvesapi\1.08\curvesapi-1.08.jar;C:\Users\DELL\.m2\repository\org\testng\testng\7.11.0\testng-7.11.0.jar;C:\Users\DELL\.m2\repository\org\slf4j\slf4j-api\2.0.16\slf4j-api-2.0.16.jar;C:\Users\DELL\.m2\repository\org\jcommander\jcommander\1.83\jcommander-1.83.jar;C:\Users\DELL\.m2\repository\org\webjars\jquery\3.7.1\jquery-3.7.1.jar;C:\Users\DELL\.m2\repository\io\rest-assured\json-schema-validator\5.5.1\json-schema-validator-5.5.1.jar;C:\Users\DELL\.m2\repository\com\github\java-json-tools\json-schema-validator\2.2.14\json-schema-validator-2.2.14.jar;C:\Users\DELL\.m2\repository\com\github\java-json-tools\jackson-coreutils-equivalence\1.0\jackson-coreutils-equivalence-1.0.jar;C:\Users\DELL\.m2\repository\com\github\java-json-tools\jackson-coreutils\2.0\jackson-coreutils-2.0.jar;C:\Users\DELL\.m2\repository\com\github\java-json-tools\msg-simple\1.2\msg-simple-1.2.jar;C:\Users\DELL\.m2\repository\com\github\java-json-tools\btf\1.3\btf-1.3.jar;C:\Users\DELL\.m2\repository\com\github\java-json-tools\json-schema-core\1.2.14\json-schema-core-1.2.14.jar;C:\Users\DELL\.m2\repository\com\github\java-json-tools\uri-template\0.10\uri-template-0.10.jar;C:\Users\DELL\.m2\repository\org\mozilla\rhino\1.7.7.2\rhino-1.7.7.2.jar;C:\Users\DELL\.m2\repository\com\sun\mail\mailapi\1.6.2\mailapi-1.6.2.jar;C:\Users\DELL\.m2\repository\joda-time\joda-time\2.10.5\joda-time-2.10.5.jar;C:\Users\DELL\.m2\repository\com\googlecode\libphonenumber\libphonenumber\8.11.1\libphonenumber-8.11.1.jar;C:\Users\DELL\.m2\repository\com\google\code\findbugs\jsr305\3.0.2\jsr305-3.0.2.jar;C:\Users\DELL\.m2\repository\net\sf\jopt-simple\jopt-simple\5.0.4\jopt-simple-5.0.4.jar;C:\Users\DELL\.m2\repository\com\google\guava\guava\33.2.1-jre\guava-33.2.1-jre.jar;C:\Users\DELL\.m2\repository\com\google\guava\failureaccess\1.0.2\failureaccess-1.0.2.jar;C:\Users\DELL\.m2\repository\com\google\guava\listenablefuture\9999.0-empty-to-avoid-conflict-with-guava\listenablefuture-9999.0-empty-to-avoid-conflict-with-guava.jar;C:\Users\DELL\.m2\repository\org\checkerframework\checker-qual\3.42.0\checker-qual-3.42.0.jar;C:\Users\DELL\.m2\repository\com\google\errorprone\error_prone_annotations\2.26.1\error_prone_annotations-2.26.1.jar;C:\Users\DELL\.m2\repository\com\google\j2objc\j2objc-annotations\3.0.0\j2objc-annotations-3.0.0.jar;C:\Users\DELL\.m2\repository\com\aventstack\extentreports\5.1.2\extentreports-5.1.2.jar;C:\Users\DELL\.m2\repository\io\reactivex\rxjava3\rxjava\3.1.6\rxjava-3.1.6.jar;C:\Users\DELL\.m2\repository\org\reactivestreams\reactive-streams\1.0.4\reactive-streams-1.0.4.jar;C:\Users\DELL\.m2\repository\org\freemarker\freemarker\2.3.32\freemarker-2.3.32.jar;C:\Users\DELL\.m2\repository\org\projectlombok\lombok\1.18.26\lombok-1.18.26.jar;C:\Users\DELL\.m2\repository\com\google\code\gson\gson\2.10.1\gson-2.10.1.jar;"/>
    <property name="java.vm.vendor" value="Oracle Corporation"/>
    <property name="sun.arch.data.model" value="64"/>
    <property name="user.variant" value=""/>
    <property name="java.vendor.url" value="https://java.oracle.com/"/>
    <property name="user.timezone" value="Asia/Calcutta"/>
    <property name="os.name" value="Windows 10"/>
    <property name="java.vm.specification.version" value="21"/>
    <property name="sun.java.launcher" value="SUN_STANDARD"/>
    <property name="user.country" value="US"/>
    <property name="sun.boot.library.path" value="C:\Program Files\Java\jdk-21\bin"/>
    <property name="sun.java.command" value="C:\Users\DELL\AppData\Local\Temp\surefire17059123062279492289\surefirebooter-20250221151027546_3.jar C:\Users\DELL\AppData\Local\Temp\surefire17059123062279492289 2025-02-21T15-10-27_368-jvmRun1 surefire-20250221151027546_1tmp surefire_0-20250221151027546_2tmp"/>
    <property name="jdk.debug" value="release"/>
    <property name="surefire.test.class.path" value="C:\Users\DELL\eclipse-workspace\Herokuapp_restAssured\target\test-classes;C:\Users\DELL\eclipse-workspace\Herokuapp_restAssured\target\classes;C:\Users\DELL\.m2\repository\io\rest-assured\rest-assured\5.5.1\rest-assured-5.5.1.jar;C:\Users\DELL\.m2\repository\org\apache\groovy\groovy\4.0.22\groovy-4.0.22.jar;C:\Users\DELL\.m2\repository\org\apache\groovy\groovy-xml\4.0.22\groovy-xml-4.0.22.jar;C:\Users\DELL\.m2\repository\org\apache\httpcomponents\httpclient\4.5.13\httpclient-4.5.13.jar;C:\Users\DELL\.m2\repository\org\apache\httpcomponents\httpcore\4.4.13\httpcore-4.4.13.jar;C:\Users\DELL\.m2\repository\commons-logging\commons-logging\1.2\commons-logging-1.2.jar;C:\Users\DELL\.m2\repository\org\apache\httpcomponents\httpmime\4.5.13\httpmime-4.5.13.jar;C:\Users\DELL\.m2\repository\org\ccil\cowan\tagsoup\tagsoup\1.2.1\tagsoup-1.2.1.jar;C:\Users\DELL\.m2\repository\io\rest-assured\json-path\5.5.1\json-path-5.5.1.jar;C:\Users\DELL\.m2\repository\org\apache\groovy\groovy-json\4.0.22\groovy-json-4.0.22.jar;C:\Users\DELL\.m2\repository\io\rest-assured\rest-assured-common\5.5.1\rest-assured-common-5.5.1.jar;C:\Users\DELL\.m2\repository\io\rest-assured\xml-path\5.5.1\xml-path-5.5.1.jar;C:\Users\DELL\.m2\repository\org\apache\commons\commons-lang3\3.16.0\commons-lang3-3.16.0.jar;C:\Users\DELL\.m2\repository\org\hamcrest\hamcrest\3.0\hamcrest-3.0.jar;C:\Users\DELL\.m2\repository\com\fasterxml\jackson\core\jackson-databind\2.18.2\jackson-databind-2.18.2.jar;C:\Users\DELL\.m2\repository\com\fasterxml\jackson\core\jackson-annotations\2.18.2\jackson-annotations-2.18.2.jar;C:\Users\DELL\.m2\repository\com\fasterxml\jackson\core\jackson-core\2.18.2\jackson-core-2.18.2.jar;C:\Users\DELL\.m2\repository\org\apache\poi\poi\5.4.0\poi-5.4.0.jar;C:\Users\DELL\.m2\repository\commons-codec\commons-codec\1.17.1\commons-codec-1.17.1.jar;C:\Users\DELL\.m2\repository\org\apache\commons\commons-collections4\4.4\commons-collections4-4.4.jar;C:\Users\DELL\.m2\repository\org\apache\commons\commons-math3\3.6.1\commons-math3-3.6.1.jar;C:\Users\DELL\.m2\repository\commons-io\commons-io\2.18.0\commons-io-2.18.0.jar;C:\Users\DELL\.m2\repository\com\zaxxer\SparseBitSet\1.3\SparseBitSet-1.3.jar;C:\Users\DELL\.m2\repository\org\apache\logging\log4j\log4j-api\2.24.3\log4j-api-2.24.3.jar;C:\Users\DELL\.m2\repository\org\apache\poi\poi-ooxml\5.4.0\poi-ooxml-5.4.0.jar;C:\Users\DELL\.m2\repository\org\apache\poi\poi-ooxml-lite\5.4.0\poi-ooxml-lite-5.4.0.jar;C:\Users\DELL\.m2\repository\org\apache\xmlbeans\xmlbeans\5.3.0\xmlbeans-5.3.0.jar;C:\Users\DELL\.m2\repository\org\apache\commons\commons-compress\1.27.1\commons-compress-1.27.1.jar;C:\Users\DELL\.m2\repository\com\github\virtuald\curvesapi\1.08\curvesapi-1.08.jar;C:\Users\DELL\.m2\repository\org\testng\testng\7.11.0\testng-7.11.0.jar;C:\Users\DELL\.m2\repository\org\slf4j\slf4j-api\2.0.16\slf4j-api-2.0.16.jar;C:\Users\DELL\.m2\repository\org\jcommander\jcommander\1.83\jcommander-1.83.jar;C:\Users\DELL\.m2\repository\org\webjars\jquery\3.7.1\jquery-3.7.1.jar;C:\Users\DELL\.m2\repository\io\rest-assured\json-schema-validator\5.5.1\json-schema-validator-5.5.1.jar;C:\Users\DELL\.m2\repository\com\github\java-json-tools\json-schema-validator\2.2.14\json-schema-validator-2.2.14.jar;C:\Users\DELL\.m2\repository\com\github\java-json-tools\jackson-coreutils-equivalence\1.0\jackson-coreutils-equivalence-1.0.jar;C:\Users\DELL\.m2\repository\com\github\java-json-tools\jackson-coreutils\2.0\jackson-coreutils-2.0.jar;C:\Users\DELL\.m2\repository\com\github\java-json-tools\msg-simple\1.2\msg-simple-1.2.jar;C:\Users\DELL\.m2\repository\com\github\java-json-tools\btf\1.3\btf-1.3.jar;C:\Users\DELL\.m2\repository\com\github\java-json-tools\json-schema-core\1.2.14\json-schema-core-1.2.14.jar;C:\Users\DELL\.m2\repository\com\github\java-json-tools\uri-template\0.10\uri-template-0.10.jar;C:\Users\DELL\.m2\repository\org\mozilla\rhino\1.7.7.2\rhino-1.7.7.2.jar;C:\Users\DELL\.m2\repository\com\sun\mail\mailapi\1.6.2\mailapi-1.6.2.jar;C:\Users\DELL\.m2\repository\joda-time\joda-time\2.10.5\joda-time-2.10.5.jar;C:\Users\DELL\.m2\repository\com\googlecode\libphonenumber\libphonenumber\8.11.1\libphonenumber-8.11.1.jar;C:\Users\DELL\.m2\repository\com\google\code\findbugs\jsr305\3.0.2\jsr305-3.0.2.jar;C:\Users\DELL\.m2\repository\net\sf\jopt-simple\jopt-simple\5.0.4\jopt-simple-5.0.4.jar;C:\Users\DELL\.m2\repository\com\google\guava\guava\33.2.1-jre\guava-33.2.1-jre.jar;C:\Users\DELL\.m2\repository\com\google\guava\failureaccess\1.0.2\failureaccess-1.0.2.jar;C:\Users\DELL\.m2\repository\com\google\guava\listenablefuture\9999.0-empty-to-avoid-conflict-with-guava\listenablefuture-9999.0-empty-to-avoid-conflict-with-guava.jar;C:\Users\DELL\.m2\repository\org\checkerframework\checker-qual\3.42.0\checker-qual-3.42.0.jar;C:\Users\DELL\.m2\repository\com\google\errorprone\error_prone_annotations\2.26.1\error_prone_annotations-2.26.1.jar;C:\Users\DELL\.m2\repository\com\google\j2objc\j2objc-annotations\3.0.0\j2objc-annotations-3.0.0.jar;C:\Users\DELL\.m2\repository\com\aventstack\extentreports\5.1.2\extentreports-5.1.2.jar;C:\Users\DELL\.m2\repository\io\reactivex\rxjava3\rxjava\3.1.6\rxjava-3.1.6.jar;C:\Users\DELL\.m2\repository\org\reactivestreams\reactive-streams\1.0.4\reactive-streams-1.0.4.jar;C:\Users\DELL\.m2\repository\org\freemarker\freemarker\2.3.32\freemarker-2.3.32.jar;C:\Users\DELL\.m2\repository\org\projectlombok\lombok\1.18.26\lombok-1.18.26.jar;C:\Users\DELL\.m2\repository\com\google\code\gson\gson\2.10.1\gson-2.10.1.jar;"/>
    <property name="sun.cpu.endian" value="little"/>
    <property name="user.home" value="C:\Users\DELL"/>
    <property name="user.language" value="en"/>
    <property name="java.specification.vendor" value="Oracle Corporation"/>
    <property name="java.version.date" value="2024-10-15"/>
    <property name="java.home" value="C:\Program Files\Java\jdk-21"/>
    <property name="file.separator" value="\"/>
    <property name="basedir" value="C:\Users\DELL\eclipse-workspace\Herokuapp_restAssured"/>
    <property name="java.vm.compressedOopsMode" value="32-bit"/>
    <property name="line.separator" value="&#10;"/>
    <property name="java.vm.specification.vendor" value="Oracle Corporation"/>
    <property name="java.specification.name" value="Java Platform API Specification"/>
    <property name="surefire.real.class.path" value="C:\Users\DELL\AppData\Local\Temp\surefire17059123062279492289\surefirebooter-20250221151027546_3.jar"/>
    <property name="user.script" value=""/>
    <property name="sun.management.compiler" value="HotSpot 64-Bit Tiered Compilers"/>
    <property name="java.runtime.version" value="21.0.5+9-LTS-239"/>
    <property name="user.name" value="DELL"/>
    <property name="stdout.encoding" value="Cp1252"/>
    <property name="path.separator" value=";"/>
    <property name="os.version" value="10.0"/>
    <property name="java.runtime.name" value="Java(TM) SE Runtime Environment"/>
    <property name="file.encoding" value="UTF-8"/>
    <property name="java.vm.name" value="Java HotSpot(TM) 64-Bit Server VM"/>
    <property name="localRepository" value="C:\Users\DELL\.m2\repository"/>
    <property name="java.vendor.url.bug" value="https://bugreport.java.com/bugreport/"/>
    <property name="java.io.tmpdir" value="C:\Users\DELL\AppData\Local\Temp\"/>
    <property name="java.version" value="21.0.5"/>
    <property name="user.dir" value="C:\Users\DELL\eclipse-workspace\Herokuapp_restAssured"/>
    <property name="os.arch" value="amd64"/>
    <property name="java.vm.specification.name" value="Java Virtual Machine Specification"/>
    <property name="sun.os.patch.level" value=""/>
    <property name="native.encoding" value="Cp1252"/>
    <property name="java.library.path" value="C:\Program Files\Java\jdk-21\bin;C:\Windows\Sun\Java\bin;C:\Windows\system32;C:\Windows;C:\Program Files\Common Files\Oracle\Java\javapath;C:\Windows\system32;C:\Windows;C:\Windows\System32\Wbem;C:\Windows\System32\WindowsPowerShell\v1.0\;C:\Windows\System32\OpenSSH\;C:\Program Files\nodejs\;C:\Program Files\nodejs\node_modules;C:\apache-maven-3.8.8\bin;C:\Program Files\Git\cmd;C:\Program Files\Java\jdk-21\bin;C:\Program Files\Java\jdk-21\bin;C:\Users\DELL\AppData\Local\Microsoft\WindowsApps;C:\Users\DELL\AppData\Roaming\npm;."/>
    <property name="java.vm.info" value="mixed mode, sharing"/>
    <property name="stderr.encoding" value="Cp1252"/>
    <property name="java.vendor" value="Oracle Corporation"/>
    <property name="java.vm.version" value="21.0.5+9-LTS-239"/>
    <property name="sun.io.unicode.encoding" value="UnicodeLittle"/>
    <property name="java.class.version" value="65.0"/>
  </properties>
  <testcase name="HealthCheck" classname="test.Herokuapp_test" time="6.227">
    <system-out><![CDATA[Created
Request method:	GET
Request URI:	https://restful-booker.herokuapp.com/ping
Proxy:			<none>
Request params:	<none>
Query params:	<none>
Form params:	<none>
Path params:	<none>
Headers:		Accept=*/*
				Content-Type=application/json
Cookies:		<none>
Multiparts:		<none>
Body:			<none>
HTTP/1.1 201 Created
Server: Cowboy
Report-To: {"group":"heroku-nel","max_age":3600,"endpoints":[{"url":"https://nel.heroku.com/reports?ts=1740130836&sid=c46efe9b-d3d2-4a0c-8c76-bfafa16c5add&s=95sNuE8k2iDTRO4YAsvotE6Tu32dcpHpDX06V021b8E%3D"}]}
Reporting-Endpoints: heroku-nel=https://nel.heroku.com/reports?ts=1740130836&sid=c46efe9b-d3d2-4a0c-8c76-bfafa16c5add&s=95sNuE8k2iDTRO4YAsvotE6Tu32dcpHpDX06V021b8E%3D
Nel: {"report_to":"heroku-nel","max_age":3600,"success_fraction":0.005,"failure_fraction":0.05,"response_headers":["Via"]}
Connection: keep-alive
X-Powered-By: Express
Content-Type: text/plain; charset=utf-8
Content-Length: 7
Etag: W/"7-rM9AyJuqT6iOan/xHh+AW+7K/T8"
Date: Fri, 21 Feb 2025 09:40:36 GMT
Via: 1.1 vegur

Created
Response Size: 7 Bytes
No Cookies Present in Response.
Created
]]></system-out>
    <system-err><![CDATA[SLF4J(W): No SLF4J providers were found.
SLF4J(W): Defaulting to no-operation (NOP) logger implementation
SLF4J(W): See https://www.slf4j.org/codes.html#noProviders for further details.
]]></system-err>
  </testcase>
  <testcase name="auth_token" classname="test.Herokuapp_test" time="2.765">
    <system-out><![CDATA[Request method:	POST
Request URI:	https://restful-booker.herokuapp.com/auth
Proxy:			<none>
Request params:	<none>
Query params:	<none>
Form params:	<none>
Path params:	path1=auth
Headers:		Accept=*/*
				Content-Type=application/json
Cookies:		<none>
Multiparts:		<none>
Body:
{
    "username": "admin",
    "password": "password123"
}
HTTP/1.1 200 OK
Server: Cowboy
Report-To: {"group":"heroku-nel","max_age":3600,"endpoints":[{"url":"https://nel.heroku.com/reports?ts=1740130838&sid=c46efe9b-d3d2-4a0c-8c76-bfafa16c5add&s=VLPMNNLN3fwHXATL56Hhs4E3%2FiF%2FSZaLGfcF%2F2s2Q3k%3D"}]}
Reporting-Endpoints: heroku-nel=https://nel.heroku.com/reports?ts=1740130838&sid=c46efe9b-d3d2-4a0c-8c76-bfafa16c5add&s=VLPMNNLN3fwHXATL56Hhs4E3%2FiF%2FSZaLGfcF%2F2s2Q3k%3D
Nel: {"report_to":"heroku-nel","max_age":3600,"success_fraction":0.005,"failure_fraction":0.05,"response_headers":["Via"]}
Connection: keep-alive
X-Powered-By: Express
Content-Type: application/json; charset=utf-8
Content-Length: 27
Etag: W/"1b-zBYIvH32SNdNBsfulj//21WJViQ"
Date: Fri, 21 Feb 2025 09:40:38 GMT
Via: 1.1 vegur

{
    "token": "ba288a44f339e84"
}
ba288a44f339e84
]]></system-out>
  </testcase>
  <testcase name="creatBooking" classname="test.Herokuapp_test" time="2.675">
    <system-out><![CDATA[2025-02-21T09:40:37.908788Z main ERROR Log4j API could not find a logging provider.

John Doe 250.0 true Breakfast 2025-03-01 2025-03-05 





John Doe 250.0 true Breakfast 2025-03-01 2025-03-05 




Request method:	POST
Request URI:	https://restful-booker.herokuapp.com/booking
Proxy:			<none>
Request params:	<none>
Query params:	<none>
Form params:	<none>
Path params:	path2=booking
Headers:		Accept=*/*
				Content-Type=application/json
Cookies:		<none>
Multiparts:		<none>
Body:
{
    "firstname": "John",
    "additionalneeds": "Breakfast",
    "bookingdates": {
        "checkin": "2025-03-01",
        "checkout": "2025-03-05"
    },
    "totalprice": 250,
    "depositpaid": true,
    "lastname": "Doe"
}
HTTP/1.1 200 OK
Server: Cowboy
Report-To: {"group":"heroku-nel","max_age":3600,"endpoints":[{"url":"https://nel.heroku.com/reports?ts=1740130842&sid=c46efe9b-d3d2-4a0c-8c76-bfafa16c5add&s=7e3yHYajY9wwCCcd0r439o1SX%2FKigY9Z5PzoDqj4G7M%3D"}]}
Reporting-Endpoints: heroku-nel=https://nel.heroku.com/reports?ts=1740130842&sid=c46efe9b-d3d2-4a0c-8c76-bfafa16c5add&s=7e3yHYajY9wwCCcd0r439o1SX%2FKigY9Z5PzoDqj4G7M%3D
Nel: {"report_to":"heroku-nel","max_age":3600,"success_fraction":0.005,"failure_fraction":0.05,"response_headers":["Via"]}
Connection: keep-alive
X-Powered-By: Express
Content-Type: application/json; charset=utf-8
Content-Length: 196
Etag: W/"c4-RkD9UlDafjN6bmub57dYQRe6OXA"
Date: Fri, 21 Feb 2025 09:40:42 GMT
Via: 1.1 vegur

{
    "bookingid": 5667,
    "booking": {
        "firstname": "John",
        "lastname": "Doe",
        "totalprice": 250,
        "depositpaid": true,
        "bookingdates": {
            "checkin": "2025-03-01",
            "checkout": "2025-03-05"
        },
        "additionalneeds": "Breakfast"
    }
}
]]></system-out>
  </testcase>
  <testcase name="getBookingviaID" classname="test.Herokuapp_test" time="1.626">
    <system-out><![CDATA[
John Doe 250.0 true Breakfast 2025-03-01 2025-03-05 





John Doe 250.0 true Breakfast 2025-03-01 2025-03-05 




Request method:	GET
Request URI:	https://restful-booker.herokuapp.com/booking/5667
Proxy:			<none>
Request params:	<none>
Query params:	<none>
Form params:	<none>
Path params:	path3=booking
				path4=5667
Headers:		Accept=application/json
				Content-Type=application/json
Cookies:		<none>
Multiparts:		<none>
Body:			<none>
HTTP/1.1 200 OK
Server: Cowboy
Report-To: {"group":"heroku-nel","max_age":3600,"endpoints":[{"url":"https://nel.heroku.com/reports?ts=1740130843&sid=c46efe9b-d3d2-4a0c-8c76-bfafa16c5add&s=BDUNETm1dUJk7IKRMvl7KBznTdIss9ss%2Bk1SBjYUNM4%3D"}]}
Reporting-Endpoints: heroku-nel=https://nel.heroku.com/reports?ts=1740130843&sid=c46efe9b-d3d2-4a0c-8c76-bfafa16c5add&s=BDUNETm1dUJk7IKRMvl7KBznTdIss9ss%2Bk1SBjYUNM4%3D
Nel: {"report_to":"heroku-nel","max_age":3600,"success_fraction":0.005,"failure_fraction":0.05,"response_headers":["Via"]}
Connection: keep-alive
X-Powered-By: Express
Content-Type: application/json; charset=utf-8
Content-Length: 167
Etag: W/"a7-9aWKstv/RQZL7aGjKza4bFRJsaM"
Date: Fri, 21 Feb 2025 09:40:43 GMT
Via: 1.1 vegur

{
    "firstname": "John",
    "lastname": "Doe",
    "totalprice": 250,
    "depositpaid": true,
    "bookingdates": {
        "checkin": "2025-03-01",
        "checkout": "2025-03-05"
    },
    "additionalneeds": "Breakfast"
}
]]></system-out>
  </testcase>
  <testcase name="updateBooking" classname="test.Herokuapp_test" time="1.599">
    <system-out><![CDATA[

Alice Smith 400.0 false Extra Bed 2025-03-10 2025-03-15 





Alice Smith 400.0 false Extra Bed 2025-03-10 2025-03-15 



Request method:	PUT
Request URI:	https://restful-booker.herokuapp.com/booking/5667
Proxy:			<none>
Request params:	<none>
Query params:	<none>
Form params:	<none>
Path params:	path3=booking
				path4=5667
Headers:		Cookie=token=ba288a44f339e84
				Accept=application/json
				Content-Type=application/json
Cookies:		<none>
Multiparts:		<none>
Body:
{
    "firstname": "Alice",
    "additionalneeds": "Extra Bed",
    "bookingdates": {
        "checkin": "2025-03-10",
        "checkout": "2025-03-15"
    },
    "totalprice": 400,
    "depositpaid": false,
    "lastname": "Smith"
}
HTTP/1.1 200 OK
Server: Cowboy
Report-To: {"group":"heroku-nel","max_age":3600,"endpoints":[{"url":"https://nel.heroku.com/reports?ts=1740130845&sid=c46efe9b-d3d2-4a0c-8c76-bfafa16c5add&s=9OLv9gL6PRpGqtaT1FlqdcPoC%2Biwz%2B%2F7TG2OHrsHWSA%3D"}]}
Reporting-Endpoints: heroku-nel=https://nel.heroku.com/reports?ts=1740130845&sid=c46efe9b-d3d2-4a0c-8c76-bfafa16c5add&s=9OLv9gL6PRpGqtaT1FlqdcPoC%2Biwz%2B%2F7TG2OHrsHWSA%3D
Nel: {"report_to":"heroku-nel","max_age":3600,"success_fraction":0.005,"failure_fraction":0.05,"response_headers":["Via"]}
Connection: keep-alive
X-Powered-By: Express
Content-Type: application/json; charset=utf-8
Content-Length: 171
Etag: W/"ab-hdKS+lP+IsigU4QJnmXjXQK8VIc"
Date: Fri, 21 Feb 2025 09:40:45 GMT
Via: 1.1 vegur

{
    "firstname": "Alice",
    "lastname": "Smith",
    "totalprice": 400,
    "depositpaid": false,
    "bookingdates": {
        "checkin": "2025-03-10",
        "checkout": "2025-03-15"
    },
    "additionalneeds": "Extra Bed"
}
]]></system-out>
  </testcase>
  <testcase name="patchUpdate" classname="test.Herokuapp_test" time="1.609">
    <system-out><![CDATA[



Emma Johnson 320.0 false Late Checkout 2025-04-01 2025-04-06 



Alice Smith 400.0 false Extra Bed 2025-03-10 2025-03-15 







Emma Johnson 320.0 false Late Checkout 2025-04-01 2025-04-06 

Request method:	PATCH
Request URI:	https://restful-booker.herokuapp.com/booking/5667
Proxy:			<none>
Request params:	<none>
Query params:	<none>
Form params:	<none>
Path params:	path3=booking
				path4=5667
Headers:		Cookie=token=ba288a44f339e84
				Accept=application/json
				Content-Type=application/json
Cookies:		<none>
Multiparts:		<none>
Body:
{
    "firstname": "Emma",
    "lastname": "Johnson"
}
HTTP/1.1 200 OK
Server: Cowboy
Report-To: {"group":"heroku-nel","max_age":3600,"endpoints":[{"url":"https://nel.heroku.com/reports?ts=1740130847&sid=c46efe9b-d3d2-4a0c-8c76-bfafa16c5add&s=QjW13nQ%2B5OWr0DLI8bK9JgLm5Gzgqc3Fg40brNRQbvM%3D"}]}
Reporting-Endpoints: heroku-nel=https://nel.heroku.com/reports?ts=1740130847&sid=c46efe9b-d3d2-4a0c-8c76-bfafa16c5add&s=QjW13nQ%2B5OWr0DLI8bK9JgLm5Gzgqc3Fg40brNRQbvM%3D
Nel: {"report_to":"heroku-nel","max_age":3600,"success_fraction":0.005,"failure_fraction":0.05,"response_headers":["Via"]}
Connection: keep-alive
X-Powered-By: Express
Content-Type: application/json; charset=utf-8
Content-Length: 172
Etag: W/"ac-OvW/ukHpAO5t10ga3FPYHrLJT/A"
Date: Fri, 21 Feb 2025 09:40:47 GMT
Via: 1.1 vegur

{
    "firstname": "Emma",
    "lastname": "Johnson",
    "totalprice": 400,
    "depositpaid": false,
    "bookingdates": {
        "checkin": "2025-03-10",
        "checkout": "2025-03-15"
    },
    "additionalneeds": "Extra Bed"
}
]]></system-out>
  </testcase>
  <testcase name="delete" classname="test.Herokuapp_test" time="1.446">
    <system-out><![CDATA[Request method:	DELETE
Request URI:	https://restful-booker.herokuapp.com/booking/5667
Proxy:			<none>
Request params:	<none>
Query params:	<none>
Form params:	<none>
Path params:	path3=booking
				path4=5667
Headers:		Cookie=token=ba288a44f339e84
				Accept=application/json
				Content-Type=application/json
Cookies:		<none>
Multiparts:		<none>
Body:			<none>
HTTP/1.1 201 Created
Server: Cowboy
Report-To: {"group":"heroku-nel","max_age":3600,"endpoints":[{"url":"https://nel.heroku.com/reports?ts=1740130848&sid=c46efe9b-d3d2-4a0c-8c76-bfafa16c5add&s=p3ihp1tRtDg2YNmqmdxwl01HzIGcI5pygY61B4k97MU%3D"}]}
Reporting-Endpoints: heroku-nel=https://nel.heroku.com/reports?ts=1740130848&sid=c46efe9b-d3d2-4a0c-8c76-bfafa16c5add&s=p3ihp1tRtDg2YNmqmdxwl01HzIGcI5pygY61B4k97MU%3D
Nel: {"report_to":"heroku-nel","max_age":3600,"success_fraction":0.005,"failure_fraction":0.05,"response_headers":["Via"]}
Connection: keep-alive
X-Powered-By: Express
Content-Type: text/plain; charset=utf-8
Content-Length: 7
Etag: W/"7-rM9AyJuqT6iOan/xHh+AW+7K/T8"
Date: Fri, 21 Feb 2025 09:40:48 GMT
Via: 1.1 vegur

Created
]]></system-out>
  </testcase>
  <testcase name="getbookings" classname="test.Herokuapp_test" time="2.329">
    <system-out><![CDATA[Request method:	GET
Request URI:	https://restful-booker.herokuapp.com/booking
Proxy:			<none>
Request params:	<none>
Query params:	<none>
Form params:	<none>
Path params:	<none>
Headers:		Accept=*/*
Cookies:		<none>
Multiparts:		<none>
Body:			<none>
HTTP/1.1 200 OK
Server: Cowboy
Report-To: {"group":"heroku-nel","max_age":3600,"endpoints":[{"url":"https://nel.heroku.com/reports?ts=1740130850&sid=c46efe9b-d3d2-4a0c-8c76-bfafa16c5add&s=dIN85KoeDnFPPyX1khcuOTAC%2B%2FreD8imXKI9hwSItVQ%3D"}]}
Reporting-Endpoints: heroku-nel=https://nel.heroku.com/reports?ts=1740130850&sid=c46efe9b-d3d2-4a0c-8c76-bfafa16c5add&s=dIN85KoeDnFPPyX1khcuOTAC%2B%2FreD8imXKI9hwSItVQ%3D
Nel: {"report_to":"heroku-nel","max_age":3600,"success_fraction":0.005,"failure_fraction":0.05,"response_headers":["Via"]}
Connection: keep-alive
X-Powered-By: Express
Content-Type: application/json; charset=utf-8
Content-Length: 63779
Etag: W/"f923-pfm3bsJfbIRGCsA9Dqfh6bSeMes"
Date: Fri, 21 Feb 2025 09:40:50 GMT
Via: 1.1 vegur

[
    {
        "bookingid": 3502
    },
    {
        "bookingid": 3045
    },
    {
        "bookingid": 589
    },
    {
        "bookingid": 1040
    },
    {
        "bookingid": 1191
    },
    {
        "bookingid": 2517
    },
    {
        "bookingid": 3381
    },
    {
        "bookingid": 3286
    },
    {
        "bookingid": 1574
    },
    {
        "bookingid": 3501
    },
    {
        "bookingid": 5466
    },
    {
        "bookingid": 4149
    },
    {
        "bookingid": 3914
    },
    {
        "bookingid": 4595
    },
    {
        "bookingid": 4146
    },
    {
        "bookingid": 4769
    },
    {
        "bookingid": 1769
    },
    {
        "bookingid": 1644
    },
    {
        "bookingid": 4808
    },
    {
        "bookingid": 3406
    },
    {
        "bookingid": 5691
    },
    {
        "bookingid": 4339
    },
    {
        "bookingid": 3261
    },
    {
        "bookingid": 948
    },
    {
        "bookingid": 1900
    },
    {
        "bookingid": 3525
    },
    {
        "bookingid": 1196
    },
    {
        "bookingid": 4721
    },
    {
        "bookingid": 548
    },
    {
        "bookingid": 3688
    },
    {
        "bookingid": 1068
    },
    {
        "bookingid": 1114
    },
    {
        "bookingid": 2328
    },
    {
        "bookingid": 2450
    },
    {
        "bookingid": 1074
    },
    {
        "bookingid": 1372
    },
    {
        "bookingid": 4391
    },
    {
        "bookingid": 3353
    },
    {
        "bookingid": 2374
    },
    {
        "bookingid": 1603
    },
    {
        "bookingid": 4040
    },
    {
        "bookingid": 4465
    },
    {
        "bookingid": 2872
    },
    {
        "bookingid": 4634
    },
    {
        "bookingid": 175
    },
    {
        "bookingid": 125
    },
    {
        "bookingid": 2795
    },
    {
        "bookingid": 2195
    },
    {
        "bookingid": 5153
    },
    {
        "bookingid": 1170
    },
    {
        "bookingid": 4677
    },
    {
        "bookingid": 1873
    },
    {
        "bookingid": 3543
    },
    {
        "bookingid": 3082
    },
    {
        "bookingid": 1082
    },
    {
        "bookingid": 5683
    },
    {
        "bookingid": 376
    },
    {
        "bookingid": 2869
    },
    {
        "bookingid": 2840
    },
    {
        "bookingid": 1738
    },
    {
        "bookingid": 4997
    },
    {
        "bookingid": 204
    },
    {
        "bookingid": 2272
    },
    {
        "bookingid": 2482
    },
    {
        "bookingid": 1751
    },
    {
        "bookingid": 377
    },
    {
        "bookingid": 1965
    },
    {
        "bookingid": 3983
    },
    {
        "bookingid": 1954
    },
    {
        "bookingid": 1551
    },
    {
        "bookingid": 264
    },
    {
        "bookingid": 1525
    },
    {
        "bookingid": 609
    },
    {
        "bookingid": 5256
    },
    {
        "bookingid": 1206
    },
    {
        "bookingid": 2011
    },
    {
        "bookingid": 2224
    },
    {
        "bookingid": 884
    },
    {
        "bookingid": 5315
    },
    {
        "bookingid": 1673
    },
    {
        "bookingid": 3680
    },
    {
        "bookingid": 5662
    },
    {
        "bookingid": 2937
    },
    {
        "bookingid": 985
    },
    {
        "bookingid": 2692
    },
    {
        "bookingid": 1444
    },
    {
        "bookingid": 5413
    },
    {
        "bookingid": 1966
    },
    {
        "bookingid": 1787
    },
    {
        "bookingid": 1097
    },
    {
        "bookingid": 36
    },
    {
        "bookingid": 999
    },
    {
        "bookingid": 1452
    },
    {
        "bookingid": 3337
    },
    {
        "bookingid": 413
    },
    {
        "bookingid": 5716
    },
    {
        "bookingid": 2565
    },
    {
        "bookingid": 3134
    },
    {
        "bookingid": 3682
    },
    {
        "bookingid": 5378
    },
    {
        "bookingid": 5383
    },
    {
        "bookingid": 24
    },
    {
        "bookingid": 5677
    },
    {
        "bookingid": 4073
    },
    {
        "bookingid": 1199
    },
    {
        "bookingid": 2309
    },
    {
        "bookingid": 1243
    },
    {
        "bookingid": 71
    },
    {
        "bookingid": 4513
    },
    {
        "bookingid": 1550
    },
    {
        "bookingid": 2835
    },
    {
        "bookingid": 1275
    },
    {
        "bookingid": 959
    },
    {
        "bookingid": 1415
    },
    {
        "bookingid": 4162
    },
    {
        "bookingid": 1519
    },
    {
        "bookingid": 1096
    },
    {
        "bookingid": 1720
    },
    {
        "bookingid": 4971
    },
    {
        "bookingid": 2243
    },
    {
        "bookingid": 2508
    },
    {
        "bookingid": 5545
    },
    {
        "bookingid": 1835
    },
    {
        "bookingid": 1942
    },
    {
        "bookingid": 2295
    },
    {
        "bookingid": 2048
    },
    {
        "bookingid": 726
    },
    {
        "bookingid": 5077
    },
    {
        "bookingid": 5608
    },
    {
        "bookingid": 2964
    },
    {
        "bookingid": 2478
    },
    {
        "bookingid": 471
    },
    {
        "bookingid": 3801
    },
    {
        "bookingid": 3100
    },
    {
        "bookingid": 1257
    },
    {
        "bookingid": 1036
    },
    {
        "bookingid": 1161
    },
    {
        "bookingid": 1899
    },
    {
        "bookingid": 3971
    },
    {
        "bookingid": 2280
    },
    {
        "bookingid": 4100
    },
    {
        "bookingid": 5406
    },
    {
        "bookingid": 2986
    },
    {
        "bookingid": 1533
    },
    {
        "bookingid": 4533
    },
    {
        "bookingid": 1812
    },
    {
        "bookingid": 4271
    },
    {
        "bookingid": 1149
    },
    {
        "bookingid": 3940
    },
    {
        "bookingid": 2009
    },
    {
        "bookingid": 724
    },
    {
        "bookingid": 86
    },
    {
        "bookingid": 1092
    },
    {
        "bookingid": 4184
    },
    {
        "bookingid": 1732
    },
    {
        "bookingid": 1908
    },
    {
        "bookingid": 4653
    },
    {
        "bookingid": 2404
    },
    {
        "bookingid": 4005
    },
    {
        "bookingid": 2227
    },
    {
        "bookingid": 636
    },
    {
        "bookingid": 2781
    },
    {
        "bookingid": 2852
    },
    {
        "bookingid": 3955
    },
    {
        "bookingid": 627
    },
    {
        "bookingid": 3165
    },
    {
        "bookingid": 2145
    },
    {
        "bookingid": 3001
    },
    {
        "bookingid": 851
    },
    {
        "bookingid": 1190
    },
    {
        "bookingid": 2177
    },
    {
        "bookingid": 1851
    },
    {
        "bookingid": 3169
    },
    {
        "bookingid": 266
    },
    {
        "bookingid": 3644
    },
    {
        "bookingid": 19
    },
    {
        "bookingid": 1705
    },
    {
        "bookingid": 2698
    },
    {
        "bookingid": 3466
    },
    {
        "bookingid": 1358
    },
    {
        "bookingid": 75
    },
    {
        "bookingid": 1947
    },
    {
        "bookingid": 267
    },
    {
        "bookingid": 257
    },
    {
        "bookingid": 863
    },
    {
        "bookingid": 5720
    },
    {
        "bookingid": 967
    },
    {
        "bookingid": 2464
    },
    {
        "bookingid": 2451
    },
    {
        "bookingid": 4338
    },
    {
        "bookingid": 5692
    },
    {
        "bookingid": 5604
    },
    {
        "bookingid": 3790
    },
    {
        "bookingid": 4066
    },
    {
        "bookingid": 1857
    },
    {
        "bookingid": 2973
    },
    {
        "bookingid": 1469
    },
    {
        "bookingid": 3246
    },
    {
        "bookingid": 1894
    },
    {
        "bookingid": 3620
    },
    {
        "bookingid": 1566
    },
    {
        "bookingid": 3478
    },
    {
        "bookingid": 4688
    },
    {
        "bookingid": 717
    },
    {
        "bookingid": 560
    },
    {
        "bookingid": 5660
    },
    {
        "bookingid": 930
    },
    {
        "bookingid": 2167
    },
    {
        "bookingid": 776
    },
    {
        "bookingid": 565
    },
    {
        "bookingid": 4207
    },
    {
        "bookingid": 1684
    },
    {
        "bookingid": 2813
    },
    {
        "bookingid": 1010
    },
    {
        "bookingid": 2218
    },
    {
        "bookingid": 4319
    },
    {
        "bookingid": 1542
    },
    {
        "bookingid": 913
    },
    {
        "bookingid": 860
    },
    {
        "bookingid": 4139
    },
    {
        "bookingid": 5570
    },
    {
        "bookingid": 4297
    },
    {
        "bookingid": 2525
    },
    {
        "bookingid": 1475
    },
    {
        "bookingid": 1270
    },
    {
        "bookingid": 3291
    },
    {
        "bookingid": 2369
    },
    {
        "bookingid": 642
    },
    {
        "bookingid": 475
    },
    {
        "bookingid": 2424
    },
    {
        "bookingid": 2321
    },
    {
        "bookingid": 5194
    },
    {
        "bookingid": 1749
    },
    {
        "bookingid": 4608
    },
    {
        "bookingid": 2814
    },
    {
        "bookingid": 5669
    },
    {
        "bookingid": 110
    },
    {
        "bookingid": 2514
    },
    {
        "bookingid": 4399
    },
    {
        "bookingid": 2405
    },
    {
        "bookingid": 1626
    },
    {
        "bookingid": 5639
    },
    {
        "bookingid": 3878
    },
    {
        "bookingid": 401
    },
    {
        "bookingid": 904
    },
    {
        "bookingid": 3723
    },
    {
        "bookingid": 5583
    },
    {
        "bookingid": 2663
    },
    {
        "bookingid": 5089
    },
    {
        "bookingid": 849
    },
    {
        "bookingid": 72
    },
    {
        "bookingid": 3111
    },
    {
        "bookingid": 4083
    },
    {
        "bookingid": 103
    },
    {
        "bookingid": 2205
    },
    {
        "bookingid": 3564
    },
    {
        "bookingid": 2242
    },
    {
        "bookingid": 2402
    },
    {
        "bookingid": 1959
    },
    {
        "bookingid": 3617
    },
    {
        "bookingid": 1344
    },
    {
        "bookingid": 1127
    },
    {
        "bookingid": 2761
    },
    {
        "bookingid": 4171
    },
    {
        "bookingid": 5681
    },
    {
        "bookingid": 3074
    },
    {
        "bookingid": 1090
    },
    {
        "bookingid": 5107
    },
    {
        "bookingid": 4084
    },
    {
        "bookingid": 3347
    },
    {
        "bookingid": 666
    },
    {
        "bookingid": 3248
    },
    {
        "bookingid": 812
    },
    {
        "bookingid": 4059
    },
    {
        "bookingid": 5605
    },
    {
        "bookingid": 1570
    },
    {
        "bookingid": 2559
    },
    {
        "bookingid": 2304
    },
    {
        "bookingid": 350
    },
    {
        "bookingid": 3420
    },
    {
        "bookingid": 3847
    },
    {
        "bookingid": 2726
    },
    {
        "bookingid": 3207
    },
    {
        "bookingid": 3233
    },
    {
        "bookingid": 3062
    },
    {
        "bookingid": 2939
    },
    {
        "bookingid": 4444
    },
    {
        "bookingid": 1747
    },
    {
        "bookingid": 1580
    },
    {
        "bookingid": 4024
    },
    {
        "bookingid": 973
    },
    {
        "bookingid": 3307
    },
    {
        "bookingid": 405
    },
    {
        "bookingid": 2127
    },
    {
        "bookingid": 2932
    },
    {
        "bookingid": 1432
    },
    {
        "bookingid": 276
    },
    {
        "bookingid": 4047
    },
    {
        "bookingid": 1764
    },
    {
        "bookingid": 3689
    },
    {
        "bookingid": 3193
    },
    {
        "bookingid": 2749
    },
    {
        "bookingid": 3235
    },
    {
        "bookingid": 3614
    },
    {
        "bookingid": 2055
    },
    {
        "bookingid": 2993
    },
    {
        "bookingid": 2222
    },
    {
        "bookingid": 3366
    },
    {
        "bookingid": 3388
    },
    {
        "bookingid": 2718
    },
    {
        "bookingid": 915
    },
    {
        "bookingid": 3210
    },
    {
        "bookingid": 3326
    },
    {
        "bookingid": 644
    },
    {
        "bookingid": 1468
    },
    {
        "bookingid": 2779
    },
    {
        "bookingid": 209
    },
    {
        "bookingid": 1591
    },
    {
        "bookingid": 1015
    },
    {
        "bookingid": 2549
    },
    {
        "bookingid": 493
    },
    {
        "bookingid": 2452
    },
    {
        "bookingid": 2038
    },
    {
        "bookingid": 4030
    },
    {
        "bookingid": 60
    },
    {
        "bookingid": 1652
    },
    {
        "bookingid": 805
    },
    {
        "bookingid": 3544
    },
    {
        "bookingid": 4014
    },
    {
        "bookingid": 3312
    },
    {
        "bookingid": 1780
    },
    {
        "bookingid": 4934
    },
    {
        "bookingid": 5625
    },
    {
        "bookingid": 3042
    },
    {
        "bookingid": 1625
    },
    {
        "bookingid": 2380
    },
    {
        "bookingid": 2486
    },
    {
        "bookingid": 889
    },
    {
        "bookingid": 5567
    },
    {
        "bookingid": 3531
    },
    {
        "bookingid": 2843
    },
    {
        "bookingid": 1101
    },
    {
        "bookingid": 3285
    },
    {
        "bookingid": 1434
    },
    {
        "bookingid": 1379
    },
    {
        "bookingid": 1979
    },
    {
        "bookingid": 1957
    },
    {
        "bookingid": 1639
    },
    {
        "bookingid": 3179
    },
    {
        "bookingid": 3938
    },
    {
        "bookingid": 5058
    },
    {
        "bookingid": 788
    },
    {
        "bookingid": 1832
    },
    {
        "bookingid": 3185
    },
    {
        "bookingid": 5109
    },
    {
        "bookingid": 3078
    },
    {
        "bookingid": 698
    },
    {
        "bookingid": 789
    },
    {
        "bookingid": 2625
    },
    {
        "bookingid": 898
    },
    {
        "bookingid": 1109
    },
    {
        "bookingid": 1193
    },
    {
        "bookingid": 2580
    },
    {
        "bookingid": 845
    },
    {
        "bookingid": 3122
    },
    {
        "bookingid": 587
    },
    {
        "bookingid": 4710
    },
    {
        "bookingid": 3514
    },
    {
        "bookingid": 1537
    },
    {
        "bookingid": 2388
    },
    {
        "bookingid": 4345
    },
    {
        "bookingid": 5110
    },
    {
        "bookingid": 157
    },
    {
        "bookingid": 20
    },
    {
        "bookingid": 5273
    },
    {
        "bookingid": 5084
    },
    {
        "bookingid": 2370
    },
    {
        "bookingid": 5714
    },
    {
        "bookingid": 2923
    },
    {
        "bookingid": 334
    },
    {
        "bookingid": 3200
    },
    {
        "bookingid": 1048
    },
    {
        "bookingid": 3686
    },
    {
        "bookingid": 4011
    },
    {
        "bookingid": 1230
    },
    {
        "bookingid": 453
    },
    {
        "bookingid": 4130
    },
    {
        "bookingid": 2438
    },
    {
        "bookingid": 1864
    },
    {
        "bookingid": 1308
    },
    {
        "bookingid": 1513
    },
    {
        "bookingid": 2756
    },
    {
        "bookingid": 2352
    },
    {
        "bookingid": 2800
    },
    {
        "bookingid": 652
    },
    {
        "bookingid": 4272
    },
    {
        "bookingid": 1035
    },
    {
        "bookingid": 5713
    },
    {
        "bookingid": 414
    },
    {
        "bookingid": 5701
    },
    {
        "bookingid": 1577
    },
    {
        "bookingid": 3813
    },
    {
        "bookingid": 5300
    },
    {
        "bookingid": 2951
    },
    {
        "bookingid": 2051
    },
    {
        "bookingid": 3991
    },
    {
        "bookingid": 3124
    },
    {
        "bookingid": 3348
    },
    {
        "bookingid": 2677
    },
    {
        "bookingid": 2764
    },
    {
        "bookingid": 3951
    },
    {
        "bookingid": 3652
    },
    {
        "bookingid": 1329
    },
    {
        "bookingid": 4605
    },
    {
        "bookingid": 2134
    },
    {
        "bookingid": 4216
    },
    {
        "bookingid": 4482
    },
    {
        "bookingid": 5186
    },
    {
        "bookingid": 439
    },
    {
        "bookingid": 325
    },
    {
        "bookingid": 1459
    },
    {
        "bookingid": 3872
    },
    {
        "bookingid": 1235
    },
    {
        "bookingid": 5085
    },
    {
        "bookingid": 2260
    },
    {
        "bookingid": 1562
    },
    {
        "bookingid": 382
    },
    {
        "bookingid": 5611
    },
    {
        "bookingid": 2895
    },
    {
        "bookingid": 5650
    },
    {
        "bookingid": 1221
    },
    {
        "bookingid": 3
    },
    {
        "bookingid": 3065
    },
    {
        "bookingid": 5297
    },
    {
        "bookingid": 1453
    },
    {
        "bookingid": 3222
    },
    {
        "bookingid": 714
    },
    {
        "bookingid": 3023
    },
    {
        "bookingid": 3766
    },
    {
        "bookingid": 2165
    },
    {
        "bookingid": 881
    },
    {
        "bookingid": 387
    },
    {
        "bookingid": 1693
    },
    {
        "bookingid": 5491
    },
    {
        "bookingid": 1
    },
    {
        "bookingid": 271
    },
    {
        "bookingid": 3708
    },
    {
        "bookingid": 1410
    },
    {
        "bookingid": 969
    },
    {
        "bookingid": 458
    },
    {
        "bookingid": 2669
    },
    {
        "bookingid": 1956
    },
    {
        "bookingid": 658
    },
    {
        "bookingid": 2651
    },
    {
        "bookingid": 964
    },
    {
        "bookingid": 718
    },
    {
        "bookingid": 1402
    },
    {
        "bookingid": 5421
    },
    {
        "bookingid": 3732
    },
    {
        "bookingid": 2762
    },
    {
        "bookingid": 530
    },
    {
        "bookingid": 3043
    },
    {
        "bookingid": 4141
    },
    {
        "bookingid": 474
    },
    {
        "bookingid": 400
    },
    {
        "bookingid": 2072
    },
    {
        "bookingid": 2018
    },
    {
        "bookingid": 139
    },
    {
        "bookingid": 4586
    },
    {
        "bookingid": 4286
    },
    {
        "bookingid": 941
    },
    {
        "bookingid": 2694
    },
    {
        "bookingid": 4268
    },
    {
        "bookingid": 1932
    },
    {
        "bookingid": 1509
    },
    {
        "bookingid": 750
    },
    {
        "bookingid": 1214
    },
    {
        "bookingid": 3364
    },
    {
        "bookingid": 3423
    },
    {
        "bookingid": 434
    },
    {
        "bookingid": 3578
    },
    {
        "bookingid": 4093
    },
    {
        "bookingid": 910
    },
    {
        "bookingid": 2084
    },
    {
        "bookingid": 3382
    },
    {
        "bookingid": 4041
    },
    {
        "bookingid": 2703
    },
    {
        "bookingid": 2828
    },
    {
        "bookingid": 1223
    },
    {
        "bookingid": 1069
    },
    {
        "bookingid": 2474
    },
    {
        "bookingid": 2348
    },
    {
        "bookingid": 2336
    },
    {
        "bookingid": 2261
    },
    {
        "bookingid": 3577
    },
    {
        "bookingid": 1277
    },
    {
        "bookingid": 511
    },
    {
        "bookingid": 1670
    },
    {
        "bookingid": 3806
    },
    {
        "bookingid": 1882
    },
    {
        "bookingid": 5610
    },
    {
        "bookingid": 2711
    },
    {
        "bookingid": 2591
    },
    {
        "bookingid": 2820
    },
    {
        "bookingid": 1487
    },
    {
        "bookingid": 3057
    },
    {
        "bookingid": 4402
    },
    {
        "bookingid": 3649
    },
    {
        "bookingid": 4772
    },
    {
        "bookingid": 4918
    },
    {
        "bookingid": 2166
    },
    {
        "bookingid": 2032
    },
    {
        "bookingid": 3840
    },
    {
        "bookingid": 2210
    },
    {
        "bookingid": 2859
    },
    {
        "bookingid": 4036
    },
    {
        "bookingid": 3812
    },
    {
        "bookingid": 480
    },
    {
        "bookingid": 456
    },
    {
        "bookingid": 309
    },
    {
        "bookingid": 2797
    },
    {
        "bookingid": 3829
    },
    {
        "bookingid": 1560
    },
    {
        "bookingid": 3993
    },
    {
        "bookingid": 2039
    },
    {
        "bookingid": 1579
    },
    {
        "bookingid": 807
    },
    {
        "bookingid": 2614
    },
    {
        "bookingid": 1430
    },
    {
        "bookingid": 3926
    },
    {
        "bookingid": 3232
    },
    {
        "bookingid": 2714
    },
    {
        "bookingid": 3371
    },
    {
        "bookingid": 470
    },
    {
        "bookingid": 3517
    },
    {
        "bookingid": 4424
    },
    {
        "bookingid": 1086
    },
    {
        "bookingid": 38
    },
    {
        "bookingid": 4369
    },
    {
        "bookingid": 4258
    },
    {
        "bookingid": 1649
    },
    {
        "bookingid": 2792
    },
    {
        "bookingid": 25
    },
    {
        "bookingid": 1133
    },
    {
        "bookingid": 427
    },
    {
        "bookingid": 573
    },
    {
        "bookingid": 742
    },
    {
        "bookingid": 423
    },
    {
        "bookingid": 1809
    },
    {
        "bookingid": 1403
    },
    {
        "bookingid": 3949
    },
    {
        "bookingid": 2003
    },
    {
        "bookingid": 3297
    },
    {
        "bookingid": 3789
    },
    {
        "bookingid": 1885
    },
    {
        "bookingid": 3948
    },
    {
        "bookingid": 4915
    },
    {
        "bookingid": 1115
    },
    {
        "bookingid": 3504
    },
    {
        "bookingid": 1421
    },
    {
        "bookingid": 5154
    },
    {
        "bookingid": 4600
    },
    {
        "bookingid": 1700
    },
    {
        "bookingid": 217
    },
    {
        "bookingid": 3084
    },
    {
        "bookingid": 2428
    },
    {
        "bookingid": 3591
    },
    {
        "bookingid": 2107
    },
    {
        "bookingid": 2962
    },
    {
        "bookingid": 89
    },
    {
        "bookingid": 3125
    },
    {
        "bookingid": 2731
    },
    {
        "bookingid": 3393
    },
    {
        "bookingid": 4179
    },
    {
        "bookingid": 5670
    },
    {
        "bookingid": 4148
    },
    {
        "bookingid": 29
    },
    {
        "bookingid": 3612
    },
    {
        "bookingid": 261
    },
    {
        "bookingid": 944
    },
    {
        "bookingid": 1282
    },
    {
        "bookingid": 1024
    },
    {
        "bookingid": 676
    },
    {
        "bookingid": 5349
    },
    {
        "bookingid": 1474
    },
    {
        "bookingid": 3553
    },
    {
        "bookingid": 3963
    },
    {
        "bookingid": 1938
    },
    {
        "bookingid": 5721
    },
    {
        "bookingid": 571
    },
    {
        "bookingid": 4947
    },
    {
        "bookingid": 1917
    },
    {
        "bookingid": 1392
    },
    {
        "bookingid": 1494
    },
    {
        "bookingid": 1784
    },
    {
        "bookingid": 1025
    },
    {
        "bookingid": 593
    },
    {
        "bookingid": 3854
    },
    {
        "bookingid": 551
    },
    {
        "bookingid": 2510
    },
    {
        "bookingid": 1697
    },
    {
        "bookingid": 4008
    },
    {
        "bookingid": 855
    },
    {
        "bookingid": 3355
    },
    {
        "bookingid": 1157
    },
    {
        "bookingid": 3826
    },
    {
        "bookingid": 536
    },
    {
        "bookingid": 2257
    },
    {
        "bookingid": 2241
    },
    {
        "bookingid": 3049
    },
    {
        "bookingid": 442
    },
    {
        "bookingid": 2326
    },
    {
        "bookingid": 1242
    },
    {
        "bookingid": 1377
    },
    {
        "bookingid": 3810
    },
    {
        "bookingid": 1100
    },
    {
        "bookingid": 1507
    },
    {
        "bookingid": 1373
    },
    {
        "bookingid": 3782
    },
    {
        "bookingid": 1281
    },
    {
        "bookingid": 3853
    },
    {
        "bookingid": 1719
    },
    {
        "bookingid": 224
    },
    {
        "bookingid": 3668
    },
    {
        "bookingid": 4542
    },
    {
        "bookingid": 1178
    },
    {
        "bookingid": 1976
    },
    {
        "bookingid": 524
    },
    {
        "bookingid": 672
    },
    {
        "bookingid": 1696
    },
    {
        "bookingid": 2659
    },
    {
        "bookingid": 1309
    },
    {
        "bookingid": 2148
    },
    {
        "bookingid": 4715
    },
    {
        "bookingid": 172
    },
    {
        "bookingid": 3509
    },
    {
        "bookingid": 3116
    },
    {
        "bookingid": 301
    },
    {
        "bookingid": 1104
    },
    {
        "bookingid": 3780
    },
    {
        "bookingid": 1733
    },
    {
        "bookingid": 2688
    },
    {
        "bookingid": 1852
    },
    {
        "bookingid": 368
    },
    {
        "bookingid": 2367
    },
    {
        "bookingid": 1343
    },
    {
        "bookingid": 216
    },
    {
        "bookingid": 3085
    },
    {
        "bookingid": 1172
    },
    {
        "bookingid": 3960
    },
    {
        "bookingid": 420
    },
    {
        "bookingid": 3730
    },
    {
        "bookingid": 2879
    },
    {
        "bookingid": 1759
    },
    {
        "bookingid": 4410
    },
    {
        "bookingid": 2793
    },
    {
        "bookingid": 2671
    },
    {
        "bookingid": 394
    },
    {
        "bookingid": 102
    },
    {
        "bookingid": 2842
    },
    {
        "bookingid": 2928
    },
    {
        "bookingid": 2822
    },
    {
        "bookingid": 3802
    },
    {
        "bookingid": 2846
    },
    {
        "bookingid": 2033
    },
    {
        "bookingid": 2031
    },
    {
        "bookingid": 3750
    },
    {
        "bookingid": 447
    },
    {
        "bookingid": 4196
    },
    {
        "bookingid": 3102
    },
    {
        "bookingid": 1581
    },
    {
        "bookingid": 5732
    },
    {
        "bookingid": 83
    },
    {
        "bookingid": 2605
    },
    {
        "bookingid": 288
    },
    {
        "bookingid": 768
    },
    {
        "bookingid": 2811
    },
    {
        "bookingid": 1665
    },
    {
        "bookingid": 649
    },
    {
        "bookingid": 1274
    },
    {
        "bookingid": 3488
    },
    {
        "bookingid": 1295
    },
    {
        "bookingid": 2810
    },
    {
        "bookingid": 583
    },
    {
        "bookingid": 5070
    },
    {
        "bookingid": 5428
    },
    {
        "bookingid": 2666
    },
    {
        "bookingid": 2916
    },
    {
        "bookingid": 2307
    },
    {
        "bookingid": 1458
    },
    {
        "bookingid": 3568
    },
    {
        "bookingid": 5314
    },
    {
        "bookingid": 1535
    },
    {
        "bookingid": 5615
    },
    {
        "bookingid": 351
    },
    {
        "bookingid": 1640
    },
    {
        "bookingid": 3586
    },
    {
        "bookingid": 4060
    },
    {
        "bookingid": 4505
    },
    {
        "bookingid": 3650
    },
    {
        "bookingid": 2092
    },
    {
        "bookingid": 516
    },
    {
        "bookingid": 280
    },
    {
        "bookingid": 3343
    },
    {
        "bookingid": 424
    },
    {
        "bookingid": 1905
    },
    {
        "bookingid": 1791
    },
    {
        "bookingid": 3401
    },
    {
        "bookingid": 2495
    },
    {
        "bookingid": 613
    },
    {
        "bookingid": 2603
    },
    {
        "bookingid": 2347
    },
    {
        "bookingid": 4121
    },
    {
        "bookingid": 1878
    },
    {
        "bookingid": 7
    },
    {
        "bookingid": 1946
    },
    {
        "bookingid": 3711
    },
    {
        "bookingid": 293
    },
    {
        "bookingid": 1820
    },
    {
        "bookingid": 2590
    },
    {
        "bookingid": 3798
    },
    {
        "bookingid": 1425
    },
    {
        "bookingid": 2896
    },
    {
        "bookingid": 3050
    },
    {
        "bookingid": 2314
    },
    {
        "bookingid": 2556
    },
    {
        "bookingid": 3673
    },
    {
        "bookingid": 4917
    },
    {
        "bookingid": 4025
    },
    {
        "bookingid": 2410
    },
    {
        "bookingid": 827
    },
    {
        "bookingid": 4049
    },
    {
        "bookingid": 2448
    },
    {
        "bookingid": 197
    },
    {
        "bookingid": 1139
    },
    {
        "bookingid": 995
    },
    {
        "bookingid": 4117
    },
    {
        "bookingid": 1400
    },
    {
        "bookingid": 4988
    },
    {
        "bookingid": 3549
    },
    {
        "bookingid": 5476
    },
    {
        "bookingid": 5202
    },
    {
        "bookingid": 5718
    },
    {
        "bookingid": 1724
    },
    {
        "bookingid": 1868
    },
    {
        "bookingid": 892
    },
    {
        "bookingid": 2106
    },
    {
        "bookingid": 4788
    },
    {
        "bookingid": 479
    },
    {
        "bookingid": 5622
    },
    {
        "bookingid": 3013
    },
    {
        "bookingid": 2979
    },
    {
        "bookingid": 4246
    },
    {
        "bookingid": 4717
    },
    {
        "bookingid": 1654
    },
    {
        "bookingid": 740
    },
    {
        "bookingid": 2244
    },
    {
        "bookingid": 82
    },
    {
        "bookingid": 3002
    },
    {
        "bookingid": 3238
    },
    {
        "bookingid": 3226
    },
    {
        "bookingid": 3372
    },
    {
        "bookingid": 4249
    },
    {
        "bookingid": 1860
    },
    {
        "bookingid": 3214
    },
    {
        "bookingid": 2087
    },
    {
        "bookingid": 435
    },
    {
        "bookingid": 1643
    },
    {
        "bookingid": 2706
    },
    {
        "bookingid": 1713
    },
    {
        "bookingid": 1994
    },
    {
        "bookingid": 1849
    },
    {
        "bookingid": 647
    },
    {
        "bookingid": 3368
    },
    {
        "bookingid": 2723
    },
    {
        "bookingid": 3984
    },
    {
        "bookingid": 4683
    },
    {
        "bookingid": 5368
    },
    {
        "bookingid": 4317
    },
    {
        "bookingid": 729
    },
    {
        "bookingid": 1224
    },
    {
        "bookingid": 1320
    },
    {
        "bookingid": 5644
    },
    {
        "bookingid": 3132
    },
    {
        "bookingid": 2235
    },
    {
        "bookingid": 4122
    },
    {
        "bookingid": 4065
    },
    {
        "bookingid": 990
    },
    {
        "bookingid": 1027
    },
    {
        "bookingid": 2209
    },
    {
        "bookingid": 1718
    },
    {
        "bookingid": 5206
    },
    {
        "bookingid": 1397
    },
    {
        "bookingid": 950
    },
    {
        "bookingid": 3391
    },
    {
        "bookingid": 3458
    },
    {
        "bookingid": 307
    },
    {
        "bookingid": 1758
    },
    {
        "bookingid": 757
    },
    {
        "bookingid": 3402
    },
    {
        "bookingid": 3147
    },
    {
        "bookingid": 3603
    },
    {
        "bookingid": 4009
    },
    {
        "bookingid": 780
    },
    {
        "bookingid": 2992
    },
    {
        "bookingid": 4957
    },
    {
        "bookingid": 3735
    },
    {
        "bookingid": 5739
    },
    {
        "bookingid": 5111
    },
    {
        "bookingid": 3221
    },
    {
        "bookingid": 2935
    },
    {
        "bookingid": 275
    },
    {
        "bookingid": 1872
    },
    {
        "bookingid": 3510
    },
    {
        "bookingid": 2462
    },
    {
        "bookingid": 2250
    },
    {
        "bookingid": 2535
    },
    {
        "bookingid": 4701
    },
    {
        "bookingid": 1020
    },
    {
        "bookingid": 1916
    },
    {
        "bookingid": 1594
    },
    {
        "bookingid": 2054
    },
    {
        "bookingid": 5296
    },
    {
        "bookingid": 4706
    },
    {
        "bookingid": 42
    },
    {
        "bookingid": 4541
    },
    {
        "bookingid": 1902
    },
    {
        "bookingid": 5221
    },
    {
        "bookingid": 2716
    },
    {
        "bookingid": 40
    },
    {
        "bookingid": 2045
    },
    {
        "bookingid": 3269
    },
    {
        "bookingid": 3945
    },
    {
        "bookingid": 2676
    },
    {
        "bookingid": 239
    },
    {
        "bookingid": 3204
    },
    {
        "bookingid": 2802
    },
    {
        "bookingid": 888
    },
    {
        "bookingid": 1496
    },
    {
        "bookingid": 766
    },
    {
        "bookingid": 600
    },
    {
        "bookingid": 2685
    },
    {
        "bookingid": 1920
    },
    {
        "bookingid": 1490
    },
    {
        "bookingid": 2456
    },
    {
        "bookingid": 353
    },
    {
        "bookingid": 1366
    },
    {
        "bookingid": 281
    },
    {
        "bookingid": 231
    },
    {
        "bookingid": 4072
    },
    {
        "bookingid": 3176
    },
    {
        "bookingid": 3572
    },
    {
        "bookingid": 1729
    },
    {
        "bookingid": 5432
    },
    {
        "bookingid": 2346
    },
    {
        "bookingid": 1202
    },
    {
        "bookingid": 2908
    },
    {
        "bookingid": 1268
    },
    {
        "bookingid": 3875
    },
    {
        "bookingid": 3171
    },
    {
        "bookingid": 2518
    },
    {
        "bookingid": 1016
    },
    {
        "bookingid": 2744
    },
    {
        "bookingid": 1416
    },
    {
        "bookingid": 3536
    },
    {
        "bookingid": 1259
    },
    {
        "bookingid": 618
    },
    {
        "bookingid": 5014
    },
    {
        "bookingid": 2329
    },
    {
        "bookingid": 2076
    },
    {
        "bookingid": 3094
    },
    {
        "bookingid": 330
    },
    {
        "bookingid": 3486
    },
    {
        "bookingid": 623
    },
    {
        "bookingid": 3441
    },
    {
        "bookingid": 4552
    },
    {
        "bookingid": 5602
    },
    {
        "bookingid": 2302
    },
    {
        "bookingid": 2827
    },
    {
        "bookingid": 2398
    },
    {
        "bookingid": 2780
    },
    {
        "bookingid": 2529
    },
    {
        "bookingid": 1265
    },
    {
        "bookingid": 1362
    },
    {
        "bookingid": 2708
    },
    {
        "bookingid": 2420
    },
    {
        "bookingid": 3456
    },
    {
        "bookingid": 371
    },
    {
        "bookingid": 953
    },
    {
        "bookingid": 95
    },
    {
        "bookingid": 2641
    },
    {
        "bookingid": 3741
    },
    {
        "bookingid": 1658
    },
    {
        "bookingid": 1250
    },
    {
        "bookingid": 2191
    },
    {
        "bookingid": 5695
    },
    {
        "bookingid": 1164
    },
    {
        "bookingid": 2774
    },
    {
        "bookingid": 229
    },
    {
        "bookingid": 697
    },
    {
        "bookingid": 709
    },
    {
        "bookingid": 3710
    },
    {
        "bookingid": 320
    },
    {
        "bookingid": 610
    },
    {
        "bookingid": 669
    },
    {
        "bookingid": 556
    },
    {
        "bookingid": 5465
    },
    {
        "bookingid": 129
    },
    {
        "bookingid": 5645
    },
    {
        "bookingid": 2406
    },
    {
        "bookingid": 5538
    },
    {
        "bookingid": 4269
    },
    {
        "bookingid": 3365
    },
    {
        "bookingid": 287
    },
    {
        "bookingid": 1587
    },
    {
        "bookingid": 908
    },
    {
        "bookingid": 3154
    },
    {
        "bookingid": 2221
    },
    {
        "bookingid": 557
    },
    {
        "bookingid": 3683
    },
    {
        "bookingid": 2217
    },
    {
        "bookingid": 5495
    },
    {
        "bookingid": 4215
    },
    {
        "bookingid": 2050
    },
    {
        "bookingid": 3163
    },
    {
        "bookingid": 12
    },
    {
        "bookingid": 1370
    },
    {
        "bookingid": 5594
    },
    {
        "bookingid": 4477
    },
    {
        "bookingid": 4940
    },
    {
        "bookingid": 2144
    },
    {
        "bookingid": 761
    },
    {
        "bookingid": 3283
    },
    {
        "bookingid": 1842
    },
    {
        "bookingid": 2061
    },
    {
        "bookingid": 3141
    },
    {
        "bookingid": 3279
    },
    {
        "bookingid": 2985
    },
    {
        "bookingid": 837
    },
    {
        "bookingid": 1138
    },
    {
        "bookingid": 1489
    },
    {
        "bookingid": 2570
    },
    {
        "bookingid": 3490
    },
    {
        "bookingid": 3031
    },
    {
        "bookingid": 3719
    },
    {
        "bookingid": 2699
    },
    {
        "bookingid": 1477
    },
    {
        "bookingid": 1557
    },
    {
        "bookingid": 5733
    },
    {
        "bookingid": 4452
    },
    {
        "bookingid": 2004
    },
    {
        "bookingid": 3257
    },
    {
        "bookingid": 5682
    },
    {
        "bookingid": 3239
    },
    {
        "bookingid": 18
    },
    {
        "bookingid": 3712
    },
    {
        "bookingid": 4221
    },
    {
        "bookingid": 3999
    },
    {
        "bookingid": 2117
    },
    {
        "bookingid": 3022
    },
    {
        "bookingid": 1387
    },
    {
        "bookingid": 2576
    },
    {
        "bookingid": 582
    },
    {
        "bookingid": 3241
    },
    {
        "bookingid": 4279
    },
    {
        "bookingid": 3405
    },
    {
        "bookingid": 3004
    },
    {
        "bookingid": 463
    },
    {
        "bookingid": 3770
    },
    {
        "bookingid": 3865
    },
    {
        "bookingid": 343
    },
    {
        "bookingid": 2112
    },
    {
        "bookingid": 3273
    },
    {
        "bookingid": 2836
    },
    {
        "bookingid": 4885
    },
    {
        "bookingid": 1922
    },
    {
        "bookingid": 1442
    },
    {
        "bookingid": 4255
    },
    {
        "bookingid": 1292
    },
    {
        "bookingid": 1981
    },
    {
        "bookingid": 3070
    },
    {
        "bookingid": 5627
    },
    {
        "bookingid": 983
    },
    {
        "bookingid": 2182
    },
    {
        "bookingid": 938
    },
    {
        "bookingid": 248
    },
    {
        "bookingid": 5230
    },
    {
        "bookingid": 1248
    },
    {
        "bookingid": 2075
    },
    {
        "bookingid": 4516
    },
    {
        "bookingid": 2086
    },
    {
        "bookingid": 1479
    },
    {
        "bookingid": 1774
    },
    {
        "bookingid": 856
    },
    {
        "bookingid": 3839
    },
    {
        "bookingid": 1818
    },
    {
        "bookingid": 2536
    },
    {
        "bookingid": 4960
    },
    {
        "bookingid": 3805
    },
    {
        "bookingid": 3823
    },
    {
        "bookingid": 2037
    },
    {
        "bookingid": 364
    },
    {
        "bookingid": 2419
    },
    {
        "bookingid": 4112
    },
    {
        "bookingid": 570
    },
    {
        "bookingid": 2538
    },
    {
        "bookingid": 4386
    },
    {
        "bookingid": 322
    },
    {
        "bookingid": 2991
    },
    {
        "bookingid": 760
    },
    {
        "bookingid": 843
    },
    {
        "bookingid": 3975
    },
    {
        "bookingid": 2100
    },
    {
        "bookingid": 3864
    },
    {
        "bookingid": 3197
    },
    {
        "bookingid": 5309
    },
    {
        "bookingid": 4082
    },
    {
        "bookingid": 4092
    },
    {
        "bookingid": 972
    },
    {
        "bookingid": 3831
    },
    {
        "bookingid": 3258
    },
    {
        "bookingid": 1840
    },
    {
        "bookingid": 3220
    },
    {
        "bookingid": 3360
    },
    {
        "bookingid": 3519
    },
    {
        "bookingid": 1545
    },
    {
        "bookingid": 728
    },
    {
        "bookingid": 5674
    },
    {
        "bookingid": 1046
    },
    {
        "bookingid": 5144
    },
    {
        "bookingid": 1575
    },
    {
        "bookingid": 312
    },
    {
        "bookingid": 984
    },
    {
        "bookingid": 4170
    },
    {
        "bookingid": 690
    },
    {
        "bookingid": 383
    },
    {
        "bookingid": 9
    },
    {
        "bookingid": 122
    },
    {
        "bookingid": 3178
    },
    {
        "bookingid": 1933
    },
    {
        "bookingid": 2934
    },
    {
        "bookingid": 3862
    },
    {
        "bookingid": 2794
    },
    {
        "bookingid": 3464
    },
    {
        "bookingid": 3822
    },
    {
        "bookingid": 1463
    },
    {
        "bookingid": 782
    },
    {
        "bookingid": 1875
    },
    {
        "bookingid": 2320
    },
    {
        "bookingid": 4753
    },
    {
        "bookingid": 3137
    },
    {
        "bookingid": 2759
    },
    {
        "bookingid": 4318
    },
    {
        "bookingid": 3511
    },
    {
        "bookingid": 607
    },
    {
        "bookingid": 1795
    },
    {
        "bookingid": 946
    },
    {
        "bookingid": 2874
    },
    {
        "bookingid": 3818
    },
    {
        "bookingid": 3845
    },
    {
        "bookingid": 868
    },
    {
        "bookingid": 386
    },
    {
        "bookingid": 3827
    },
    {
        "bookingid": 4654
    },
    {
        "bookingid": 4048
    },
    {
        "bookingid": 1805
    },
    {
        "bookingid": 4646
    },
    {
        "bookingid": 34
    },
    {
        "bookingid": 2750
    },
    {
        "bookingid": 3144
    },
    {
        "bookingid": 3562
    },
    {
        "bookingid": 1866
    },
    {
        "bookingid": 1907
    },
    {
        "bookingid": 795
    },
    {
        "bookingid": 3671
    },
    {
        "bookingid": 2608
    },
    {
        "bookingid": 2254
    },
    {
        "bookingid": 2294
    },
    {
        "bookingid": 2467
    },
    {
        "bookingid": 3961
    },
    {
        "bookingid": 4259
    },
    {
        "bookingid": 3727
    },
    {
        "bookingid": 5659
    },
    {
        "bookingid": 576
    },
    {
        "bookingid": 859
    },
    {
        "bookingid": 3481
    },
    {
        "bookingid": 5675
    },
    {
        "bookingid": 190
    },
    {
        "bookingid": 4742
    },
    {
        "bookingid": 59
    },
    {
        "bookingid": 2520
    },
    {
        "bookingid": 3383
    },
    {
        "bookingid": 4235
    },
    {
        "bookingid": 2104
    },
    {
        "bookingid": 2970
    },
    {
        "bookingid": 566
    },
    {
        "bookingid": 764
    },
    {
        "bookingid": 2303
    },
    {
        "bookingid": 4314
    },
    {
        "bookingid": 2531
    },
    {
        "bookingid": 3426
    },
    {
        "bookingid": 905
    },
    {
        "bookingid": 3345
    },
    {
        "bookingid": 5255
    },
    {
        "bookingid": 1674
    },
    {
        "bookingid": 2161
    },
    {
        "bookingid": 5302
    },
    {
        "bookingid": 78
    },
    {
        "bookingid": 4308
    },
    {
        "bookingid": 1143
    },
    {
        "bookingid": 384
    },
    {
        "bookingid": 2230
    },
    {
        "bookingid": 3632
    },
    {
        "bookingid": 2035
    },
    {
        "bookingid": 3149
    },
    {
        "bookingid": 3583
    },
    {
        "bookingid": 2734
    },
    {
        "bookingid": 2236
    },
    {
        "bookingid": 3720
    },
    {
        "bookingid": 2041
    },
    {
        "bookingid": 31
    },
    {
        "bookingid": 1449
    },
    {
        "bookingid": 1381
    },
    {
        "bookingid": 2279
    },
    {
        "bookingid": 1296
    },
    {
        "bookingid": 485
    },
    {
        "bookingid": 567
    },
    {
        "bookingid": 994
    },
    {
        "bookingid": 893
    },
    {
        "bookingid": 3796
    },
    {
        "bookingid": 2947
    },
    {
        "bookingid": 3437
    },
    {
        "bookingid": 3346
    },
    {
        "bookingid": 3599
    },
    {
        "bookingid": 1318
    },
    {
        "bookingid": 1423
    },
    {
        "bookingid": 1052
    },
    {
        "bookingid": 3450
    },
    {
        "bookingid": 1681
    },
    {
        "bookingid": 594
    },
    {
        "bookingid": 5159
    },
    {
        "bookingid": 1353
    },
    {
        "bookingid": 2313
    },
    {
        "bookingid": 70
    },
    {
        "bookingid": 786
    },
    {
        "bookingid": 1888
    },
    {
        "bookingid": 1984
    },
    {
        "bookingid": 2899
    },
    {
        "bookingid": 2416
    },
    {
        "bookingid": 4331
    },
    {
        "bookingid": 4883
    },
    {
        "bookingid": 3589
    },
    {
        "bookingid": 1136
    },
    {
        "bookingid": 940
    },
    {
        "bookingid": 5129
    },
    {
        "bookingid": 3172
    },
    {
        "bookingid": 3484
    },
    {
        "bookingid": 1825
    },
    {
        "bookingid": 5636
    },
    {
        "bookingid": 3966
    },
    {
        "bookingid": 4088
    },
    {
        "bookingid": 5018
    },
    {
        "bookingid": 403
    },
    {
        "bookingid": 1060
    },
    {
        "bookingid": 2841
    },
    {
        "bookingid": 3153
    },
    {
        "bookingid": 1285
    },
    {
        "bookingid": 3199
    },
    {
        "bookingid": 3976
    },
    {
        "bookingid": 932
    },
    {
        "bookingid": 4028
    },
    {
        "bookingid": 295
    },
    {
        "bookingid": 923
    },
    {
        "bookingid": 4720
    },
    {
        "bookingid": 832
    },
    {
        "bookingid": 3776
    },
    {
        "bookingid": 3933
    },
    {
        "bookingid": 3196
    },
    {
        "bookingid": 3217
    },
    {
        "bookingid": 1499
    },
    {
        "bookingid": 621
    },
    {
        "bookingid": 715
    },
    {
        "bookingid": 2503
    },
    {
        "bookingid": 3580
    },
    {
        "bookingid": 437
    },
    {
        "bookingid": 2139
    },
    {
        "bookingid": 1061
    },
    {
        "bookingid": 3942
    },
    {
        "bookingid": 2149
    },
    {
        "bookingid": 1739
    },
    {
        "bookingid": 1073
    },
    {
        "bookingid": 5571
    },
    {
        "bookingid": 5665
    },
    {
        "bookingid": 2883
    },
    {
        "bookingid": 1321
    },
    {
        "bookingid": 3493
    },
    {
        "bookingid": 5004
    },
    {
        "bookingid": 3769
    },
    {
        "bookingid": 3417
    },
    {
        "bookingid": 1597
    },
    {
        "bookingid": 1398
    },
    {
        "bookingid": 3298
    },
    {
        "bookingid": 520
    },
    {
        "bookingid": 2567
    },
    {
        "bookingid": 4175
    },
    {
        "bookingid": 85
    },
    {
        "bookingid": 2582
    },
    {
        "bookingid": 5735
    },
    {
        "bookingid": 1511
    },
    {
        "bookingid": 1646
    },
    {
        "bookingid": 3968
    },
    {
        "bookingid": 486
    },
    {
        "bookingid": 289
    },
    {
        "bookingid": 3793
    },
    {
        "bookingid": 1380
    },
    {
        "bookingid": 3756
    },
    {
        "bookingid": 2152
    },
    {
        "bookingid": 2574
    },
    {
        "bookingid": 3309
    },
    {
        "bookingid": 359
    },
    {
        "bookingid": 1845
    },
    {
        "bookingid": 2118
    },
    {
        "bookingid": 3110
    },
    {
        "bookingid": 3618
    },
    {
        "bookingid": 5039
    },
    {
        "bookingid": 5480
    },
    {
        "bookingid": 1013
    },
    {
        "bookingid": 1424
    },
    {
        "bookingid": 3040
    },
    {
        "bookingid": 2293
    },
    {
        "bookingid": 3739
    },
    {
        "bookingid": 748
    },
    {
        "bookingid": 810
    },
    {
        "bookingid": 201
    },
    {
        "bookingid": 2693
    },
    {
        "bookingid": 3888
    },
    {
        "bookingid": 3760
    },
    {
        "bookingid": 3033
    },
    {
        "bookingid": 269
    },
    {
        "bookingid": 3571
    },
    {
        "bookingid": 2445
    },
    {
        "bookingid": 1047
    },
    {
        "bookingid": 4874
    },
    {
        "bookingid": 2470
    },
    {
        "bookingid": 27
    },
    {
        "bookingid": 1368
    },
    {
        "bookingid": 2377
    },
    {
        "bookingid": 97
    },
    {
        "bookingid": 3034
    },
    {
        "bookingid": 3432
    },
    {
        "bookingid": 1637
    },
    {
        "bookingid": 311
    },
    {
        "bookingid": 5166
    },
    {
        "bookingid": 1106
    },
    {
        "bookingid": 1117
    },
    {
        "bookingid": 2984
    },
    {
        "bookingid": 365
    },
    {
        "bookingid": 3772
    },
    {
        "bookingid": 2589
    },
    {
        "bookingid": 1078
    },
    {
        "bookingid": 2487
    },
    {
        "bookingid": 2509
    },
    {
        "bookingid": 4678
    },
    {
        "bookingid": 3352
    },
    {
        "bookingid": 3107
    },
    {
        "bookingid": 4018
    },
    {
        "bookingid": 2807
    },
    {
        "bookingid": 145
    },
    {
        "bookingid": 2975
    },
    {
        "bookingid": 243
    },
    {
        "bookingid": 1615
    },
    {
        "bookingid": 2767
    },
    {
        "bookingid": 1688
    },
    {
        "bookingid": 5633
    },
    {
        "bookingid": 507
    },
    {
        "bookingid": 3921
    },
    {
        "bookingid": 3724
    },
    {
        "bookingid": 2358
    },
    {
        "bookingid": 2179
    },
    {
        "bookingid": 2094
    },
    {
        "bookingid": 1241
    },
    {
        "bookingid": 3881
    },
    {
        "bookingid": 3212
    },
    {
        "bookingid": 3252
    },
    {
        "bookingid": 489
    },
    {
        "bookingid": 2089
    },
    {
        "bookingid": 4497
    },
    {
        "bookingid": 1886
    },
    {
        "bookingid": 5358
    },
    {
        "bookingid": 4500
    },
    {
        "bookingid": 1777
    },
    {
        "bookingid": 2044
    },
    {
        "bookingid": 2461
    },
    {
        "bookingid": 142
    },
    {
        "bookingid": 3930
    },
    {
        "bookingid": 1824
    },
    {
        "bookingid": 899
    },
    {
        "bookingid": 2083
    },
    {
        "bookingid": 1559
    },
    {
        "bookingid": 3052
    },
    {
        "bookingid": 1116
    },
    {
        "bookingid": 8
    },
    {
        "bookingid": 527
    },
    {
        "bookingid": 4861
    },
    {
        "bookingid": 1099
    },
    {
        "bookingid": 3230
    },
    {
        "bookingid": 4538
    },
    {
        "bookingid": 680
    },
    {
        "bookingid": 2950
    },
    {
        "bookingid": 2290
    },
    {
        "bookingid": 3037
    },
    {
        "bookingid": 2931
    },
    {
        "bookingid": 1154
    },
    {
        "bookingid": 1985
    },
    {
        "bookingid": 5002
    },
    {
        "bookingid": 543
    },
    {
        "bookingid": 352
    },
    {
        "bookingid": 751
    },
    {
        "bookingid": 3986
    },
    {
        "bookingid": 393
    },
    {
        "bookingid": 181
    },
    {
        "bookingid": 2675
    },
    {
        "bookingid": 3211
    },
    {
        "bookingid": 1253
    },
    {
        "bookingid": 3059
    },
    {
        "bookingid": 5472
    },
    {
        "bookingid": 4419
    },
    {
        "bookingid": 5391
    },
    {
        "bookingid": 106
    },
    {
        "bookingid": 1192
    },
    {
        "bookingid": 49
    },
    {
        "bookingid": 1080
    },
    {
        "bookingid": 598
    },
    {
        "bookingid": 2656
    },
    {
        "bookingid": 418
    },
    {
        "bookingid": 3338
    },
    {
        "bookingid": 1679
    },
    {
        "bookingid": 2521
    },
    {
        "bookingid": 467
    },
    {
        "bookingid": 3640
    },
    {
        "bookingid": 3278
    },
    {
        "bookingid": 1687
    },
    {
        "bookingid": 3027
    },
    {
        "bookingid": 3414
    },
    {
        "bookingid": 5566
    },
    {
        "bookingid": 1889
    },
    {
        "bookingid": 3786
    },
    {
        "bookingid": 2386
    },
    {
        "bookingid": 3718
    },
    {
        "bookingid": 2551
    },
    {
        "bookingid": 5133
    },
    {
        "bookingid": 633
    },
    {
        "bookingid": 1237
    },
    {
        "bookingid": 3740
    },
    {
        "bookingid": 5286
    },
    {
        "bookingid": 1057
    },
    {
        "bookingid": 2353
    },
    {
        "bookingid": 4617
    },
    {
        "bookingid": 2363
    },
    {
        "bookingid": 2588
    },
    {
        "bookingid": 1007
    },
    {
        "bookingid": 492
    },
    {
        "bookingid": 663
    },
    {
        "bookingid": 2523
    },
    {
        "bookingid": 3904
    },
    {
        "bookingid": 1231
    },
    {
        "bookingid": 4343
    },
    {
        "bookingid": 3472
    },
    {
        "bookingid": 2626
    },
    {
        "bookingid": 326
    },
    {
        "bookingid": 4078
    },
    {
        "bookingid": 1029
    },
    {
        "bookingid": 2163
    },
    {
        "bookingid": 349
    },
    {
        "bookingid": 133
    },
    {
        "bookingid": 2160
    },
    {
        "bookingid": 966
    },
    {
        "bookingid": 1996
    },
    {
        "bookingid": 5631
    },
    {
        "bookingid": 1084
    },
    {
        "bookingid": 3885
    },
    {
        "bookingid": 2052
    },
    {
        "bookingid": 4973
    },
    {
        "bookingid": 1613
    },
    {
        "bookingid": 1650
    },
    {
        "bookingid": 4124
    },
    {
        "bookingid": 3715
    },
    {
        "bookingid": 45
    },
    {
        "bookingid": 3645
    },
    {
        "bookingid": 4690
    },
    {
        "bookingid": 5717
    },
    {
        "bookingid": 2632
    },
    {
        "bookingid": 1263
    },
    {
        "bookingid": 3115
    },
    {
        "bookingid": 2172
    },
    {
        "bookingid": 202
    },
    {
        "bookingid": 3254
    },
    {
        "bookingid": 897
    },
    {
        "bookingid": 4908
    },
    {
        "bookingid": 3973
    },
    {
        "bookingid": 739
    },
    {
        "bookingid": 2856
    },
    {
        "bookingid": 5585
    },
    {
        "bookingid": 1556
    },
    {
        "bookingid": 3808
    },
    {
        "bookingid": 883
    },
    {
        "bookingid": 3394
    },
    {
        "bookingid": 3275
    },
    {
        "bookingid": 3849
    },
    {
        "bookingid": 397
    },
    {
        "bookingid": 1302
    },
    {
        "bookingid": 228
    },
    {
        "bookingid": 3471
    },
    {
        "bookingid": 886
    },
    {
        "bookingid": 459
    },
    {
        "bookingid": 1680
    },
    {
        "bookingid": 552
    },
    {
        "bookingid": 152
    },
    {
        "bookingid": 1227
    },
    {
        "bookingid": 1413
    },
    {
        "bookingid": 3332
    },
    {
        "bookingid": 4021
    },
    {
        "bookingid": 2755
    },
    {
        "bookingid": 2558
    },
    {
        "bookingid": 575
    },
    {
        "bookingid": 118
    },
    {
        "bookingid": 2285
    },
    {
        "bookingid": 4750
    },
    {
        "bookingid": 1111
    },
    {
        "bookingid": 4214
    },
    {
        "bookingid": 3117
    },
    {
        "bookingid": 52
    },
    {
        "bookingid": 1631
    },
    {
        "bookingid": 1401
    },
    {
        "bookingid": 836
    },
    {
        "bookingid": 2597
    },
    {
        "bookingid": 3767
    },
    {
        "bookingid": 1467
    },
    {
        "bookingid": 2746
    },
    {
        "bookingid": 919
    },
    {
        "bookingid": 1772
    },
    {
        "bookingid": 1350
    },
    {
        "bookingid": 561
    },
    {
        "bookingid": 3957
    },
    {
        "bookingid": 2745
    },
    {
        "bookingid": 4362
    },
    {
        "bookingid": 5100
    },
    {
        "bookingid": 5540
    },
    {
        "bookingid": 4903
    },
    {
        "bookingid": 4628
    },
    {
        "bookingid": 1848
    },
    {
        "bookingid": 1657
    },
    {
        "bookingid": 425
    },
    {
        "bookingid": 4127
    },
    {
        "bookingid": 3604
    },
    {
        "bookingid": 308
    },
    {
        "bookingid": 3374
    },
    {
        "bookingid": 4283
    },
    {
        "bookingid": 956
    },
    {
        "bookingid": 506
    },
    {
        "bookingid": 970
    },
    {
        "bookingid": 236
    },
    {
        "bookingid": 2604
    },
    {
        "bookingid": 3524
    },
    {
        "bookingid": 3497
    },
    {
        "bookingid": 274
    },
    {
        "bookingid": 5242
    },
    {
        "bookingid": 3461
    },
    {
        "bookingid": 473
    },
    {
        "bookingid": 3654
    },
    {
        "bookingid": 360
    },
    {
        "bookingid": 3629
    },
    {
        "bookingid": 3133
    },
    {
        "bookingid": 774
    },
    {
        "bookingid": 691
    },
    {
        "bookingid": 1208
    },
    {
        "bookingid": 3969
    },
    {
        "bookingid": 91
    },
    {
        "bookingid": 3912
    },
    {
        "bookingid": 1530
    },
    {
        "bookingid": 2434
    },
    {
        "bookingid": 2542
    },
    {
        "bookingid": 213
    },
    {
        "bookingid": 2623
    },
    {
        "bookingid": 3398
    },
    {
        "bookingid": 189
    },
    {
        "bookingid": 2378
    },
    {
        "bookingid": 1146
    },
    {
        "bookingid": 4787
    },
    {
        "bookingid": 710
    },
    {
        "bookingid": 3784
    },
    {
        "bookingid": 5049
    },
    {
        "bookingid": 3290
    },
    {
        "bookingid": 1406
    },
    {
        "bookingid": 5367
    },
    {
        "bookingid": 911
    },
    {
        "bookingid": 3449
    },
    {
        "bookingid": 2383
    },
    {
        "bookingid": 2286
    },
    {
        "bookingid": 5638
    },
    {
        "bookingid": 259
    },
    {
        "bookingid": 409
    },
    {
        "bookingid": 65
    },
    {
        "bookingid": 3011
    },
    {
        "bookingid": 1179
    },
    {
        "bookingid": 1752
    },
    {
        "bookingid": 3292
    },
    {
        "bookingid": 5061
    },
    {
        "bookingid": 3754
    },
    {
        "bookingid": 2581
    },
    {
        "bookingid": 5403
    },
    {
        "bookingid": 4687
    },
    {
        "bookingid": 2201
    },
    {
        "bookingid": 1435
    },
    {
        "bookingid": 2834
    },
    {
        "bookingid": 444
    },
    {
        "bookingid": 2610
    },
    {
        "bookingid": 1743
    },
    {
        "bookingid": 900
    },
    {
        "bookingid": 1234
    },
    {
        "bookingid": 4635
    },
    {
        "bookingid": 4019
    },
    {
        "bookingid": 55
    },
    {
        "bookingid": 2505
    },
    {
        "bookingid": 3280
    },
    {
        "bookingid": 4935
    },
    {
        "bookingid": 906
    },
    {
        "bookingid": 5711
    },
    {
        "bookingid": 3250
    },
    {
        "bookingid": 942
    },
    {
        "bookingid": 549
    },
    {
        "bookingid": 3396
    },
    {
        "bookingid": 1461
    },
    {
        "bookingid": 670
    },
    {
        "bookingid": 298
    },
    {
        "bookingid": 954
    },
    {
        "bookingid": 3900
    },
    {
        "bookingid": 4163
    },
    {
        "bookingid": 2111
    },
    {
        "bookingid": 4192
    },
    {
        "bookingid": 2918
    },
    {
        "bookingid": 2534
    },
    {
        "bookingid": 416
    },
    {
        "bookingid": 2552
    },
    {
        "bookingid": 1171
    },
    {
        "bookingid": 4637
    },
    {
        "bookingid": 1629
    },
    {
        "bookingid": 5118
    },
    {
        "bookingid": 2101
    },
    {
        "bookingid": 148
    },
    {
        "bookingid": 918
    },
    {
        "bookingid": 2710
    },
    {
        "bookingid": 1448
    },
    {
        "bookingid": 3523
    },
    {
        "bookingid": 2214
    },
    {
        "bookingid": 3344
    },
    {
        "bookingid": 5095
    },
    {
        "bookingid": 3556
    },
    {
        "bookingid": 2154
    },
    {
        "bookingid": 2366
    },
    {
        "bookingid": 1346
    },
    {
        "bookingid": 5729
    },
    {
        "bookingid": 2269
    },
    {
        "bookingid": 678
    },
    {
        "bookingid": 4013
    },
    {
        "bookingid": 3498
    },
    {
        "bookingid": 2186
    },
    {
        "bookingid": 1439
    },
    {
        "bookingid": 1500
    },
    {
        "bookingid": 1667
    },
    {
        "bookingid": 2618
    },
    {
        "bookingid": 1480
    },
    {
        "bookingid": 1735
    },
    {
        "bookingid": 3480
    },
    {
        "bookingid": 811
    },
    {
        "bookingid": 2815
    },
    {
        "bookingid": 96
    },
    {
        "bookingid": 2299
    },
    {
        "bookingid": 975
    },
    {
        "bookingid": 3596
    },
    {
        "bookingid": 4905
    },
    {
        "bookingid": 1355
    },
    {
        "bookingid": 4439
    },
    {
        "bookingid": 2273
    },
    {
        "bookingid": 3841
    },
    {
        "bookingid": 2770
    },
    {
        "bookingid": 3334
    },
    {
        "bookingid": 3915
    },
    {
        "bookingid": 4102
    },
    {
        "bookingid": 1529
    },
    {
        "bookingid": 5680
    },
    {
        "bookingid": 1441
    },
    {
        "bookingid": 685
    },
    {
        "bookingid": 659
    },
    {
        "bookingid": 3574
    },
    {
        "bookingid": 1176
    },
    {
        "bookingid": 3429
    },
    {
        "bookingid": 146
    },
    {
        "bookingid": 3985
    },
    {
        "bookingid": 3567
    },
    {
        "bookingid": 2543
    },
    {
        "bookingid": 3008
    },
    {
        "bookingid": 5175
    },
    {
        "bookingid": 572
    },
    {
        "bookingid": 4158
    },
    {
        "bookingid": 817
    },
    {
        "bookingid": 3046
    },
    {
        "bookingid": 53
    },
    {
        "bookingid": 3778
    },
    {
        "bookingid": 2595
    },
    {
        "bookingid": 3035
    },
    {
        "bookingid": 3136
    },
    {
        "bookingid": 412
    },
    {
        "bookingid": 2857
    },
    {
        "bookingid": 3761
    },
    {
        "bookingid": 3748
    },
    {
        "bookingid": 5408
    },
    {
        "bookingid": 2640
    },
    {
        "bookingid": 1008
    },
    {
        "bookingid": 2062
    },
    {
        "bookingid": 2197
    },
    {
        "bookingid": 4057
    },
    {
        "bookingid": 1304
    },
    {
        "bookingid": 1683
    },
    {
        "bookingid": 3086
    },
    {
        "bookingid": 3923
    },
    {
        "bookingid": 3051
    },
    {
        "bookingid": 5485
    },
    {
        "bookingid": 4426
    },
    {
        "bookingid": 1911
    },
    {
        "bookingid": 5635
    },
    {
        "bookingid": 2498
    },
    {
        "bookingid": 3675
    },
    {
        "bookingid": 4857
    },
    {
        "bookingid": 3925
    },
    {
        "bookingid": 3791
    },
    {
        "bookingid": 1244
    },
    {
        "bookingid": 2199
    },
    {
        "bookingid": 4818
    },
    {
        "bookingid": 2178
    },
    {
        "bookingid": 4899
    },
    {
        "bookingid": 235
    },
    {
        "bookingid": 225
    },
    {
        "bookingid": 3858
    },
    {
        "bookingid": 3390
    },
    {
        "bookingid": 5652
    },
    {
        "bookingid": 5137
    },
    {
        "bookingid": 3319
    },
    {
        "bookingid": 747
    },
    {
        "bookingid": 3828
    },
    {
        "bookingid": 1969
    },
    {
        "bookingid": 834
    },
    {
        "bookingid": 2267
    },
    {
        "bookingid": 1269
    },
    {
        "bookingid": 2395
    },
    {
        "bookingid": 2661
    },
    {
        "bookingid": 2259
    },
    {
        "bookingid": 5704
    },
    {
        "bookingid": 1498
    },
    {
        "bookingid": 526
    },
    {
        "bookingid": 2961
    },
    {
        "bookingid": 3534
    },
    {
        "bookingid": 3931
    },
    {
        "bookingid": 743
    },
    {
        "bookingid": 1317
    },
    {
        "bookingid": 4547
    },
    {
        "bookingid": 1647
    },
    {
        "bookingid": 2914
    },
    {
        "bookingid": 5209
    },
    {
        "bookingid": 2133
    },
    {
        "bookingid": 559
    },
    {
        "bookingid": 5213
    },
    {
        "bookingid": 1438
    },
    {
        "bookingid": 4075
    },
    {
        "bookingid": 2927
    },
    {
        "bookingid": 4535
    },
    {
        "bookingid": 553
    },
    {
        "bookingid": 3173
    },
    {
        "bookingid": 1541
    },
    {
        "bookingid": 5330
    },
    {
        "bookingid": 2806
    },
    {
        "bookingid": 419
    },
    {
        "bookingid": 3205
    },
    {
        "bookingid": 5025
    },
    {
        "bookingid": 1383
    },
    {
        "bookingid": 2382
    },
    {
        "bookingid": 114
    },
    {
        "bookingid": 3340
    },
    {
        "bookingid": 355
    },
    {
        "bookingid": 2650
    },
    {
        "bookingid": 1316
    },
    {
        "bookingid": 2090
    },
    {
        "bookingid": 1017
    },
    {
        "bookingid": 2256
    },
    {
        "bookingid": 4250
    },
    {
        "bookingid": 2120
    },
    {
        "bookingid": 221
    },
    {
        "bookingid": 1935
    },
    {
        "bookingid": 5736
    },
    {
        "bookingid": 5598
    },
    {
        "bookingid": 494
    },
    {
        "bookingid": 4342
    },
    {
        "bookingid": 1662
    },
    {
        "bookingid": 5239
    },
    {
        "bookingid": 5305
    },
    {
        "bookingid": 2898
    },
    {
        "bookingid": 1226
    },
    {
        "bookingid": 2721
    },
    {
        "bookingid": 1754
    },
    {
        "bookingid": 3386
    },
    {
        "bookingid": 1357
    },
    {
        "bookingid": 109
    },
    {
        "bookingid": 3697
    },
    {
        "bookingid": 2622
    },
    {
        "bookingid": 2330
    },
    {
        "bookingid": 5655
    },
    {
        "bookingid": 121
    },
    {
        "bookingid": 3358
    },
    {
        "bookingid": 115
    },
    {
        "bookingid": 3871
    },
    {
        "bookingid": 3092
    },
    {
        "bookingid": 2583
    },
    {
        "bookingid": 5643
    },
    {
        "bookingid": 931
    },
    {
        "bookingid": 2278
    },
    {
        "bookingid": 4135
    },
    {
        "bookingid": 3495
    },
    {
        "bookingid": 3191
    },
    {
        "bookingid": 2351
    },
    {
        "bookingid": 286
    },
    {
        "bookingid": 657
    },
    {
        "bookingid": 2837
    },
    {
        "bookingid": 1831
    },
    {
        "bookingid": 853
    },
    {
        "bookingid": 3979
    },
    {
        "bookingid": 5560
    },
    {
        "bookingid": 4835
    },
    {
        "bookingid": 4825
    },
    {
        "bookingid": 167
    },
    {
        "bookingid": 5261
    },
    {
        "bookingid": 801
    },
    {
        "bookingid": 5167
    },
    {
        "bookingid": 2782
    },
    {
        "bookingid": 4260
    },
    {
        "bookingid": 5157
    },
    {
        "bookingid": 3006
    },
    {
        "bookingid": 1614
    },
    {
        "bookingid": 2350
    },
    {
        "bookingid": 2805
    },
    {
        "bookingid": 3990
    },
    {
        "bookingid": 962
    },
    {
        "bookingid": 5359
    },
    {
        "bookingid": 875
    },
    {
        "bookingid": 2541
    },
    {
        "bookingid": 108
    },
    {
        "bookingid": 5696
    },
    {
        "bookingid": 1855
    },
    {
        "bookingid": 1168
    },
    {
        "bookingid": 591
    },
    {
        "bookingid": 497
    },
    {
        "bookingid": 3475
    },
    {
        "bookingid": 4168
    },
    {
        "bookingid": 3946
    },
    {
        "bookingid": 2585
    },
    {
        "bookingid": 1771
    },
    {
        "bookingid": 3121
    },
    {
        "bookingid": 37
    },
    {
        "bookingid": 2458
    },
    {
        "bookingid": 2289
    },
    {
        "bookingid": 2681
    },
    {
        "bookingid": 1443
    },
    {
        "bookingid": 1460
    },
    {
        "bookingid": 4758
    },
    {
        "bookingid": 2850
    },
    {
        "bookingid": 2283
    },
    {
        "bookingid": 3361
    },
    {
        "bookingid": 2213
    },
    {
        "bookingid": 2376
    },
    {
        "bookingid": 3884
    },
    {
        "bookingid": 996
    },
    {
        "bookingid": 69
    },
    {
        "bookingid": 4182
    },
    {
        "bookingid": 218
    },
    {
        "bookingid": 1012
    },
    {
        "bookingid": 4726
    },
    {
        "bookingid": 314
    },
    {
        "bookingid": 3266
    },
    {
        "bookingid": 1595
    },
    {
        "bookingid": 2940
    },
    {
        "bookingid": 5708
    },
    {
        "bookingid": 2174
    },
    {
        "bookingid": 510
    },
    {
        "bookingid": 3465
    },
    {
        "bookingid": 2943
    },
    {
        "bookingid": 3439
    },
    {
        "bookingid": 2130
    },
    {
        "bookingid": 137
    },
    {
        "bookingid": 3809
    },
    {
        "bookingid": 3014
    },
    {
        "bookingid": 2024
    },
    {
        "bookingid": 1081
    },
    {
        "bookingid": 4851
    },
    {
        "bookingid": 1655
    },
    {
        "bookingid": 3602
    },
    {
        "bookingid": 1517
    },
    {
        "bookingid": 4993
    },
    {
        "bookingid": 41
    },
    {
        "bookingid": 1054
    },
    {
        "bookingid": 2575
    },
    {
        "bookingid": 1283
    },
    {
        "bookingid": 2512
    },
    {
        "bookingid": 3972
    },
    {
        "bookingid": 5740
    },
    {
        "bookingid": 3625
    },
    {
        "bookingid": 2963
    },
    {
        "bookingid": 4132
    },
    {
        "bookingid": 1260
    },
    {
        "bookingid": 2146
    },
    {
        "bookingid": 681
    },
    {
        "bookingid": 2907
    },
    {
        "bookingid": 1209
    },
    {
        "bookingid": 339
    },
    {
        "bookingid": 2175
    },
    {
        "bookingid": 195
    },
    {
        "bookingid": 2997
    },
    {
        "bookingid": 2758
    },
    {
        "bookingid": 77
    },
    {
        "bookingid": 5477
    },
    {
        "bookingid": 1765
    },
    {
        "bookingid": 2804
    },
    {
        "bookingid": 3653
    },
    {
        "bookingid": 3354
    },
    {
        "bookingid": 4528
    },
    {
        "bookingid": 3924
    },
    {
        "bookingid": 4464
    },
    {
        "bookingid": 3539
    },
    {
        "bookingid": 2696
    },
    {
        "bookingid": 4256
    },
    {
        "bookingid": 5301
    },
    {
        "bookingid": 866
    },
    {
        "bookingid": 4337
    },
    {
        "bookingid": 2847
    },
    {
        "bookingid": 2253
    },
    {
        "bookingid": 3114
    },
    {
        "bookingid": 3844
    },
    {
        "bookingid": 4950
    },
    {
        "bookingid": 1781
    },
    {
        "bookingid": 3678
    },
    {
        "bookingid": 4329
    },
    {
        "bookingid": 781
    },
    {
        "bookingid": 2034
    },
    {
        "bookingid": 3190
    },
    {
        "bookingid": 2624
    },
    {
        "bookingid": 3587
    },
    {
        "bookingid": 2233
    },
    {
        "bookingid": 4113
    },
    {
        "bookingid": 4927
    },
    {
        "bookingid": 641
    },
    {
        "bookingid": 1973
    },
    {
        "bookingid": 4085
    },
    {
        "bookingid": 3229
    },
    {
        "bookingid": 1175
    },
    {
        "bookingid": 1332
    },
    {
        "bookingid": 1583
    },
    {
        "bookingid": 5707
    },
    {
        "bookingid": 734
    },
    {
        "bookingid": 4156
    },
    {
        "bookingid": 2954
    },
    {
        "bookingid": 3681
    },
    {
        "bookingid": 5372
    },
    {
        "bookingid": 2684
    },
    {
        "bookingid": 3882
    },
    {
        "bookingid": 4597
    },
    {
        "bookingid": 2524
    },
    {
        "bookingid": 1690
    },
    {
        "bookingid": 2823
    },
    {
        "bookingid": 978
    },
    {
        "bookingid": 2323
    },
    {
        "bookingid": 580
    },
    {
        "bookingid": 268
    },
    {
        "bookingid": 1896
    },
    {
        "bookingid": 3515
    },
    {
        "bookingid": 3202
    },
    {
        "bookingid": 154
    },
    {
        "bookingid": 1374
    },
    {
        "bookingid": 3610
    },
    {
        "bookingid": 143
    },
    {
        "bookingid": 960
    },
    {
        "bookingid": 2672
    },
    {
        "bookingid": 4
    },
    {
        "bookingid": 772
    },
    {
        "bookingid": 410
    },
    {
        "bookingid": 5617
    },
    {
        "bookingid": 5630
    },
    {
        "bookingid": 2001
    },
    {
        "bookingid": 1716
    },
    {
        "bookingid": 5411
    },
    {
        "bookingid": 1988
    },
    {
        "bookingid": 2892
    },
    {
        "bookingid": 1150
    },
    {
        "bookingid": 3664
    },
    {
        "bookingid": 798
    },
    {
        "bookingid": 4534
    },
    {
        "bookingid": 3835
    },
    {
        "bookingid": 1484
    },
    {
        "bookingid": 538
    },
    {
        "bookingid": 1778
    },
    {
        "bookingid": 1266
    },
    {
        "bookingid": 1336
    },
    {
        "bookingid": 3492
    },
    {
        "bookingid": 2184
    },
    {
        "bookingid": 1063
    },
    {
        "bookingid": 744
    },
    {
        "bookingid": 3225
    },
    {
        "bookingid": 2877
    },
    {
        "bookingid": 1207
    },
    {
        "bookingid": 5182
    },
    {
        "bookingid": 5438
    },
    {
        "bookingid": 5461
    },
    {
        "bookingid": 300
    },
    {
        "bookingid": 2546
    },
    {
        "bookingid": 2720
    },
    {
        "bookingid": 1338
    },
    {
        "bookingid": 1664
    },
    {
        "bookingid": 3616
    },
    {
        "bookingid": 252
    },
    {
        "bookingid": 156
    },
    {
        "bookingid": 5734
    },
    {
        "bookingid": 169
    },
    {
        "bookingid": 2002
    },
    {
        "bookingid": 3359
    },
    {
        "bookingid": 3075
    },
    {
        "bookingid": 665
    },
    {
        "bookingid": 894
    },
    {
        "bookingid": 763
    },
    {
        "bookingid": 1553
    },
    {
        "bookingid": 5426
    },
    {
        "bookingid": 2341
    },
    {
        "bookingid": 2344
    },
    {
        "bookingid": 452
    },
    {
        "bookingid": 370
    },
    {
        "bookingid": 4379
    },
    {
        "bookingid": 2863
    },
    {
        "bookingid": 2702
    },
    {
        "bookingid": 4290
    },
    {
        "bookingid": 1491
    },
    {
        "bookingid": 1623
    },
    {
        "bookingid": 4328
    },
    {
        "bookingid": 1291
    },
    {
        "bookingid": 3431
    },
    {
        "bookingid": 2157
    },
    {
        "bookingid": 2613
    },
    {
        "bookingid": 2422
    },
    {
        "bookingid": 1493
    },
    {
        "bookingid": 5449
    },
    {
        "bookingid": 3879
    },
    {
        "bookingid": 2981
    },
    {
        "bookingid": 1803
    },
    {
        "bookingid": 4519
    },
    {
        "bookingid": 3532
    },
    {
        "bookingid": 399
    },
    {
        "bookingid": 1827
    },
    {
        "bookingid": 2274
    },
    {
        "bookingid": 3876
    },
    {
        "bookingid": 2190
    },
    {
        "bookingid": 1022
    },
    {
        "bookingid": 2601
    },
    {
        "bookingid": 3317
    },
    {
        "bookingid": 3320
    },
    {
        "bookingid": 5259
    },
    {
        "bookingid": 4003
    },
    {
        "bookingid": 522
    },
    {
        "bookingid": 1863
    },
    {
        "bookingid": 5646
    },
    {
        "bookingid": 1828
    },
    {
        "bookingid": 624
    },
    {
        "bookingid": 61
    },
    {
        "bookingid": 2876
    },
    {
        "bookingid": 1051
    },
    {
        "bookingid": 3053
    },
    {
        "bookingid": 2998
    },
    {
        "bookingid": 3177
    },
    {
        "bookingid": 3554
    },
    {
        "bookingid": 132
    },
    {
        "bookingid": 2099
    },
    {
        "bookingid": 5612
    },
    {
        "bookingid": 2537
    },
    {
        "bookingid": 3056
    },
    {
        "bookingid": 2238
    },
    {
        "bookingid": 11
    },
    {
        "bookingid": 945
    },
    {
        "bookingid": 16
    },
    {
        "bookingid": 3804
    },
    {
        "bookingid": 1301
    },
    {
        "bookingid": 3158
    },
    {
        "bookingid": 2315
    },
    {
        "bookingid": 6
    },
    {
        "bookingid": 1508
    },
    {
        "bookingid": 4486
    },
    {
        "bookingid": 3895
    },
    {
        "bookingid": 563
    },
    {
        "bookingid": 5628
    },
    {
        "bookingid": 3736
    },
    {
        "bookingid": 1313
    },
    {
        "bookingid": 2028
    },
    {
        "bookingid": 449
    },
    {
        "bookingid": 92
    },
    {
        "bookingid": 721
    },
    {
        "bookingid": 2862
    },
    {
        "bookingid": 101
    },
    {
        "bookingid": 51
    },
    {
        "bookingid": 4709
    },
    {
        "bookingid": 3130
    },
    {
        "bookingid": 4511
    },
    {
        "bookingid": 4299
    },
    {
        "bookingid": 4884
    },
    {
        "bookingid": 176
    },
    {
        "bookingid": 372
    },
    {
        "bookingid": 2530
    },
    {
        "bookingid": 4142
    },
    {
        "bookingid": 533
    },
    {
        "bookingid": 4652
    },
    {
        "bookingid": 335
    },
    {
        "bookingid": 3148
    },
    {
        "bookingid": 3112
    },
    {
        "bookingid": 14
    },
    {
        "bookingid": 1874
    },
    {
        "bookingid": 3672
    },
    {
        "bookingid": 1466
    },
    {
        "bookingid": 1546
    },
    {
        "bookingid": 2322
    },
    {
        "bookingid": 1326
    },
    {
        "bookingid": 1058
    },
    {
        "bookingid": 4845
    },
    {
        "bookingid": 2193
    },
    {
        "bookingid": 675
    },
    {
        "bookingid": 2753
    },
    {
        "bookingid": 1347
    },
    {
        "bookingid": 518
    },
    {
        "bookingid": 54
    },
    {
        "bookingid": 2232
    },
    {
        "bookingid": 100
    },
    {
        "bookingid": 4034
    },
    {
        "bookingid": 3410
    },
    {
        "bookingid": 3797
    },
    {
        "bookingid": 4984
    },
    {
        "bookingid": 5152
    },
    {
        "bookingid": 3024
    },
    {
        "bookingid": 3424
    },
    {
        "bookingid": 1142
    },
    {
        "bookingid": 5000
    },
    {
        "bookingid": 4278
    },
    {
        "bookingid": 214
    },
    {
        "bookingid": 981
    },
    {
        "bookingid": 4613
    },
    {
        "bookingid": 5555
    },
    {
        "bookingid": 212
    },
    {
        "bookingid": 2568
    },
    {
        "bookingid": 1042
    },
    {
        "bookingid": 3548
    },
    {
        "bookingid": 13
    },
    {
        "bookingid": 1934
    },
    {
        "bookingid": 26
    },
    {
        "bookingid": 3575
    },
    {
        "bookingid": 3140
    },
    {
        "bookingid": 5308
    },
    {
        "bookingid": 3954
    },
    {
        "bookingid": 1593
    },
    {
        "bookingid": 3631
    },
    {
        "bookingid": 700
    },
    {
        "bookingid": 3438
    },
    {
        "bookingid": 1391
    },
    {
        "bookingid": 341
    },
    {
        "bookingid": 5193
    },
    {
        "bookingid": 5649
    },
    {
        "bookingid": 1002
    },
    {
        "bookingid": 3691
    },
    {
        "bookingid": 1867
    },
    {
        "bookingid": 1677
    },
    {
        "bookingid": 2728
    },
    {
        "bookingid": 428
    },
    {
        "bookingid": 3015
    },
    {
        "bookingid": 3139
    },
    {
        "bookingid": 1761
    },
    {
        "bookingid": 3419
    },
    {
        "bookingid": 4320
    },
    {
        "bookingid": 706
    },
    {
        "bookingid": 2819
    },
    {
        "bookingid": 282
    },
    {
        "bookingid": 4186
    },
    {
        "bookingid": 2013
    },
    {
        "bookingid": 1582
    },
    {
        "bookingid": 1504
    },
    {
        "bookingid": 3540
    },
    {
        "bookingid": 345
    },
    {
        "bookingid": 260
    },
    {
        "bookingid": 380
    },
    {
        "bookingid": 3628
    },
    {
        "bookingid": 2073
    },
    {
        "bookingid": 2136
    },
    {
        "bookingid": 4972
    },
    {
        "bookingid": 162
    },
    {
        "bookingid": 1426
    },
    {
        "bookingid": 3076
    },
    {
        "bookingid": 1233
    },
    {
        "bookingid": 1730
    },
    {
        "bookingid": 544
    },
    {
        "bookingid": 2220
    },
    {
        "bookingid": 3377
    },
    {
        "bookingid": 247
    },
    {
        "bookingid": 864
    },
    {
        "bookingid": 3646
    },
    {
        "bookingid": 149
    },
    {
        "bookingid": 3738
    },
    {
        "bookingid": 1793
    },
    {
        "bookingid": 1256
    },
    {
        "bookingid": 3702
    },
    {
        "bookingid": 1715
    },
    {
        "bookingid": 4261
    },
    {
        "bookingid": 2123
    },
    {
        "bookingid": 5050
    },
    {
        "bookingid": 614
    },
    {
        "bookingid": 3669
    },
    {
        "bookingid": 1246
    },
    {
        "bookingid": 4180
    },
    {
        "bookingid": 3726
    },
    {
        "bookingid": 3296
    },
    {
        "bookingid": 5616
    },
    {
        "bookingid": 2226
    },
    {
        "bookingid": 2023
    },
    {
        "bookingid": 1352
    },
    {
        "bookingid": 857
    },
    {
        "bookingid": 1156
    },
    {
        "bookingid": 1110
    },
    {
        "bookingid": 987
    },
    {
        "bookingid": 1520
    },
    {
        "bookingid": 4462
    },
    {
        "bookingid": 3108
    },
    {
        "bookingid": 120
    },
    {
        "bookingid": 316
    },
    {
        "bookingid": 1660
    },
    {
        "bookingid": 2642
    },
    {
        "bookingid": 2655
    },
    {
        "bookingid": 646
    },
    {
        "bookingid": 3659
    },
    {
        "bookingid": 877
    },
    {
        "bookingid": 4545
    },
    {
        "bookingid": 131
    },
    {
        "bookingid": 733
    },
    {
        "bookingid": 2169
    },
    {
        "bookingid": 500
    },
    {
        "bookingid": 144
    },
    {
        "bookingid": 3995
    },
    {
        "bookingid": 3192
    },
    {
        "bookingid": 179
    },
    {
        "bookingid": 1814
    },
    {
        "bookingid": 998
    },
    {
        "bookingid": 3295
    },
    {
        "bookingid": 5728
    },
    {
        "bookingid": 3658
    },
    {
        "bookingid": 2480
    },
    {
        "bookingid": 783
    },
    {
        "bookingid": 4200
    },
    {
        "bookingid": 696
    },
    {
        "bookingid": 3452
    },
    {
        "bookingid": 1001
    },
    {
        "bookingid": 937
    },
    {
        "bookingid": 771
    },
    {
        "bookingid": 1929
    },
    {
        "bookingid": 432
    },
    {
        "bookingid": 1108
    },
    {
        "bookingid": 1210
    },
    {
        "bookingid": 366
    },
    {
        "bookingid": 1130
    },
    {
        "bookingid": 601
    },
    {
        "bookingid": 3526
    },
    {
        "bookingid": 32
    },
    {
        "bookingid": 3090
    },
    {
        "bookingid": 1606
    },
    {
        "bookingid": 3029
    },
    {
        "bookingid": 1586
    },
    {
        "bookingid": 1216
    },
    {
        "bookingid": 4061
    },
    {
        "bookingid": 3905
    },
    {
        "bookingid": 2078
    },
    {
        "bookingid": 15
    },
    {
        "bookingid": 250
    },
    {
        "bookingid": 1298
    },
    {
        "bookingid": 1998
    },
    {
        "bookingid": 1169
    },
    {
        "bookingid": 5132
    },
    {
        "bookingid": 193
    },
    {
        "bookingid": 2987
    },
    {
        "bookingid": 191
    },
    {
        "bookingid": 3605
    },
    {
        "bookingid": 283
    },
    {
        "bookingid": 3745
    },
    {
        "bookingid": 3560
    },
    {
        "bookingid": 3260
    },
    {
        "bookingid": 329
    },
    {
        "bookingid": 1455
    },
    {
        "bookingid": 3774
    },
    {
        "bookingid": 4406
    },
    {
        "bookingid": 5620
    },
    {
        "bookingid": 3597
    },
    {
        "bookingid": 513
    },
    {
        "bookingid": 3830
    },
    {
        "bookingid": 1980
    },
    {
        "bookingid": 3626
    },
    {
        "bookingid": 1937
    },
    {
        "bookingid": 1205
    },
    {
        "bookingid": 816
    },
    {
        "bookingid": 4977
    },
    {
        "bookingid": 3547
    },
    {
        "bookingid": 4447
    },
    {
        "bookingid": 775
    },
    {
        "bookingid": 88
    },
    {
        "bookingid": 2788
    },
    {
        "bookingid": 4799
    },
    {
        "bookingid": 2490
    },
    {
        "bookingid": 1879
    },
    {
        "bookingid": 4840
    },
    {
        "bookingid": 2620
    },
    {
        "bookingid": 2679
    },
    {
        "bookingid": 4754
    },
    {
        "bookingid": 1369
    },
    {
        "bookingid": 629
    },
    {
        "bookingid": 1215
    },
    {
        "bookingid": 1810
    },
    {
        "bookingid": 1958
    },
    {
        "bookingid": 5033
    },
    {
        "bookingid": 2956
    },
    {
        "bookingid": 922
    },
    {
        "bookingid": 1853
    },
    {
        "bookingid": 244
    },
    {
        "bookingid": 178
    },
    {
        "bookingid": 5356
    },
    {
        "bookingid": 3397
    },
    {
        "bookingid": 829
    },
    {
        "bookingid": 1066
    },
    {
        "bookingid": 3395
    },
    {
        "bookingid": 5648
    },
    {
        "bookingid": 2196
    },
    {
        "bookingid": 5609
    },
    {
        "bookingid": 50
    },
    {
        "bookingid": 4247
    },
    {
        "bookingid": 4153
    },
    {
        "bookingid": 1610
    },
    {
        "bookingid": 4408
    },
    {
        "bookingid": 1548
    },
    {
        "bookingid": 3863
    },
    {
        "bookingid": 2449
    },
    {
        "bookingid": 3783
    },
    {
        "bookingid": 4197
    },
    {
        "bookingid": 3203
    },
    {
        "bookingid": 616
    },
    {
        "bookingid": 1798
    },
    {
        "bookingid": 4512
    },
    {
        "bookingid": 1131
    },
    {
        "bookingid": 2079
    },
    {
        "bookingid": 2248
    },
    {
        "bookingid": 4052
    },
    {
        "bookingid": 3300
    },
    {
        "bookingid": 5687
    },
    {
        "bookingid": 210
    },
    {
        "bookingid": 73
    },
    {
        "bookingid": 1672
    },
    {
        "bookingid": 4983
    },
    {
        "bookingid": 2902
    },
    {
        "bookingid": 3443
    },
    {
        "bookingid": 4662
    },
    {
        "bookingid": 1252
    },
    {
        "bookingid": 3744
    },
    {
        "bookingid": 1571
    },
    {
        "bookingid": 5188
    },
    {
        "bookingid": 1289
    },
    {
        "bookingid": 4838
    },
    {
        "bookingid": 17
    },
    {
        "bookingid": 4026
    },
    {
        "bookingid": 5688
    },
    {
        "bookingid": 654
    },
    {
        "bookingid": 602
    },
    {
        "bookingid": 1394
    },
    {
        "bookingid": 4941
    },
    {
        "bookingid": 3287
    },
    {
        "bookingid": 1986
    },
    {
        "bookingid": 1921
    },
    {
        "bookingid": 183
    },
    {
        "bookingid": 58
    },
    {
        "bookingid": 5416
    },
    {
        "bookingid": 3411
    },
    {
        "bookingid": 4871
    },
    {
        "bookingid": 1706
    },
    {
        "bookingid": 927
    },
    {
        "bookingid": 3061
    },
    {
        "bookingid": 3687
    },
    {
        "bookingid": 1339
    },
    {
        "bookingid": 3714
    },
    {
        "bookingid": 2631
    },
    {
        "bookingid": 1789
    },
    {
        "bookingid": 809
    },
    {
        "bookingid": 5629
    },
    {
        "bookingid": 1337
    },
    {
        "bookingid": 4423
    },
    {
        "bookingid": 1093
    },
    {
        "bookingid": 4120
    },
    {
        "bookingid": 5211
    },
    {
        "bookingid": 3282
    },
    {
        "bookingid": 2046
    },
    {
        "bookingid": 242
    },
    {
        "bookingid": 2472
    },
    {
        "bookingid": 2389
    },
    {
        "bookingid": 1471
    },
    {
        "bookingid": 1601
    },
    {
        "bookingid": 2636
    },
    {
        "bookingid": 3459
    },
    {
        "bookingid": 1951
    },
    {
        "bookingid": 1833
    },
    {
        "bookingid": 949
    },
    {
        "bookingid": 1451
    },
    {
        "bookingid": 2385
    },
    {
        "bookingid": 2008
    },
    {
        "bookingid": 482
    },
    {
        "bookingid": 703
    },
    {
        "bookingid": 861
    },
    {
        "bookingid": 4615
    },
    {
        "bookingid": 5641
    },
    {
        "bookingid": 3651
    },
    {
        "bookingid": 232
    },
    {
        "bookingid": 1417
    },
    {
        "bookingid": 2116
    },
    {
        "bookingid": 3404
    },
    {
        "bookingid": 3476
    },
    {
        "bookingid": 2463
    },
    {
        "bookingid": 3634
    },
    {
        "bookingid": 1473
    },
    {
        "bookingid": 2007
    },
    {
        "bookingid": 4123
    },
    {
        "bookingid": 5518
    },
    {
        "bookingid": 3832
    },
    {
        "bookingid": 2974
    },
    {
        "bookingid": 1251
    },
    {
        "bookingid": 640
    },
    {
        "bookingid": 3263
    },
    {
        "bookingid": 233
    },
    {
        "bookingid": 2228
    },
    {
        "bookingid": 2709
    },
    {
        "bookingid": 3622
    },
    {
        "bookingid": 1978
    },
    {
        "bookingid": 4027
    },
    {
        "bookingid": 1482
    },
    {
        "bookingid": 48
    },
    {
        "bookingid": 2689
    },
    {
        "bookingid": 5214
    },
    {
        "bookingid": 2637
    },
    {
        "bookingid": 2095
    },
    {
        "bookingid": 1846
    },
    {
        "bookingid": 460
    },
    {
        "bookingid": 2615
    },
    {
        "bookingid": 4760
    },
    {
        "bookingid": 1564
    },
    {
        "bookingid": 68
    },
    {
        "bookingid": 3537
    },
    {
        "bookingid": 3704
    },
    {
        "bookingid": 4144
    },
    {
        "bookingid": 2730
    },
    {
        "bookingid": 3518
    },
    {
        "bookingid": 1605
    },
    {
        "bookingid": 2414
    },
    {
        "bookingid": 1429
    },
    {
        "bookingid": 1701
    },
    {
        "bookingid": 2308
    },
    {
        "bookingid": 465
    },
    {
        "bookingid": 2128
    },
    {
        "bookingid": 4689
    },
    {
        "bookingid": 3541
    },
    {
        "bookingid": 2249
    },
    {
        "bookingid": 4195
    },
    {
        "bookingid": 4189
    },
    {
        "bookingid": 1307
    },
    {
        "bookingid": 1045
    },
    {
        "bookingid": 111
    },
    {
        "bookingid": 2769
    },
    {
        "bookingid": 1573
    },
    {
        "bookingid": 3413
    },
    {
        "bookingid": 4106
    },
    {
        "bookingid": 4487
    },
    {
        "bookingid": 5017
    },
    {
        "bookingid": 1356
    },
    {
        "bookingid": 5074
    },
    {
        "bookingid": 3038
    },
    {
        "bookingid": 5676
    },
    {
        "bookingid": 1486
    },
    {
        "bookingid": 850
    },
    {
        "bookingid": 2611
    },
    {
        "bookingid": 1217
    },
    {
        "bookingid": 277
    },
    {
        "bookingid": 1895
    },
    {
        "bookingid": 5361
    },
    {
        "bookingid": 5146
    },
    {
        "bookingid": 2504
    },
    {
        "bookingid": 2948
    },
    {
        "bookingid": 4079
    },
    {
        "bookingid": 3005
    },
    {
        "bookingid": 4053
    },
    {
        "bookingid": 2910
    },
    {
        "bookingid": 3303
    },
    {
        "bookingid": 1290
    },
    {
        "bookingid": 64
    },
    {
        "bookingid": 2796
    },
    {
        "bookingid": 1516
    },
    {
        "bookingid": 1457
    },
    {
        "bookingid": 2972
    },
    {
        "bookingid": 1505
    },
    {
        "bookingid": 2982
    },
    {
        "bookingid": 1596
    },
    {
        "bookingid": 241
    },
    {
        "bookingid": 498
    },
    {
        "bookingid": 3138
    },
    {
        "bookingid": 2829
    },
    {
        "bookingid": 4553
    },
    {
        "bookingid": 2919
    },
    {
        "bookingid": 2849
    },
    {
        "bookingid": 1067
    },
    {
        "bookingid": 515
    },
    {
        "bookingid": 2471
    },
    {
        "bookingid": 4453
    },
    {
        "bookingid": 755
    },
    {
        "bookingid": 4902
    },
    {
        "bookingid": 4229
    },
    {
        "bookingid": 3907
    },
    {
        "bookingid": 2885
    },
    {
        "bookingid": 661
    },
    {
        "bookingid": 430
    },
    {
        "bookingid": 93
    },
    {
        "bookingid": 2338
    },
    {
        "bookingid": 5284
    },
    {
        "bookingid": 2772
    },
    {
        "bookingid": 1034
    },
    {
        "bookingid": 3453
    },
    {
        "bookingid": 443
    },
    {
        "bookingid": 2646
    },
    {
        "bookingid": 903
    },
    {
        "bookingid": 2109
    },
    {
        "bookingid": 2801
    },
    {
        "bookingid": 392
    },
    {
        "bookingid": 3563
    },
    {
        "bookingid": 3819
    },
    {
        "bookingid": 1807
    },
    {
        "bookingid": 1433
    },
    {
        "bookingid": 704
    },
    {
        "bookingid": 5544
    },
    {
        "bookingid": 141
    },
    {
        "bookingid": 3339
    },
    {
        "bookingid": 1839
    },
    {
        "bookingid": 2234
    },
    {
        "bookingid": 1999
    },
    {
        "bookingid": 3030
    },
    {
        "bookingid": 161
    },
    {
        "bookingid": 4293
    },
    {
        "bookingid": 5668
    },
    {
        "bookingid": 2025
    },
    {
        "bookingid": 3585
    },
    {
        "bookingid": 56
    },
    {
        "bookingid": 3965
    },
    {
        "bookingid": 3529
    },
    {
        "bookingid": 4387
    },
    {
        "bookingid": 628
    },
    {
        "bookingid": 262
    },
    {
        "bookingid": 2298
    },
    {
        "bookingid": 2607
    },
    {
        "bookingid": 2091
    },
    {
        "bookingid": 321
    },
    {
        "bookingid": 2373
    },
    {
        "bookingid": 822
    },
    {
        "bookingid": 4081
    },
    {
        "bookingid": 1906
    },
    {
        "bookingid": 617
    },
    {
        "bookingid": 4785
    },
    {
        "bookingid": 1725
    },
    {
        "bookingid": 3848
    },
    {
        "bookingid": 2481
    },
    {
        "bookingid": 205
    },
    {
        "bookingid": 1970
    },
    {
        "bookingid": 3313
    },
    {
        "bookingid": 2010
    },
    {
        "bookingid": 3909
    },
    {
        "bookingid": 4648
    },
    {
        "bookingid": 2287
    },
    {
        "bookingid": 2488
    },
    {
        "bookingid": 3611
    },
    {
        "bookingid": 2942
    },
    {
        "bookingid": 3595
    },
    {
        "bookingid": 2727
    },
    {
        "bookingid": 5057
    },
    {
        "bookingid": 230
    },
    {
        "bookingid": 2901
    },
    {
        "bookingid": 3333
    },
    {
        "bookingid": 3663
    },
    {
        "bookingid": 3737
    },
    {
        "bookingid": 2408
    },
    {
        "bookingid": 5181
    },
    {
        "bookingid": 1123
    },
    {
        "bookingid": 3097
    },
    {
        "bookingid": 3157
    },
    {
        "bookingid": 1972
    },
    {
        "bookingid": 4074
    },
    {
        "bookingid": 1893
    },
    {
        "bookingid": 2875
    },
    {
        "bookingid": 1408
    },
    {
        "bookingid": 1538
    },
    {
        "bookingid": 2126
    },
    {
        "bookingid": 741
    },
    {
        "bookingid": 725
    },
    {
        "bookingid": 523
    },
    {
        "bookingid": 3156
    },
    {
        "bookingid": 4239
    },
    {
        "bookingid": 3592
    },
    {
        "bookingid": 2664
    },
    {
        "bookingid": 874
    },
    {
        "bookingid": 1185
    },
    {
        "bookingid": 2311
    },
    {
        "bookingid": 3920
    },
    {
        "bookingid": 2773
    },
    {
        "bookingid": 2436
    },
    {
        "bookingid": 752
    },
    {
        "bookingid": 3753
    },
    {
        "bookingid": 545
    },
    {
        "bookingid": 4563
    },
    {
        "bookingid": 174
    },
    {
        "bookingid": 5710
    },
    {
        "bookingid": 80
    },
    {
        "bookingid": 374
    },
    {
        "bookingid": 2113
    },
    {
        "bookingid": 1158
    },
    {
        "bookingid": 4713
    },
    {
        "bookingid": 3093
    },
    {
        "bookingid": 1995
    },
    {
        "bookingid": 2499
    },
    {
        "bookingid": 4797
    },
    {
        "bookingid": 5533
    },
    {
        "bookingid": 3781
    },
    {
        "bookingid": 184
    },
    {
        "bookingid": 4241
    },
    {
        "bookingid": 2957
    },
    {
        "bookingid": 1526
    },
    {
        "bookingid": 4230
    },
    {
        "bookingid": 1991
    },
    {
        "bookingid": 2340
    },
    {
        "bookingid": 1348
    },
    {
        "bookingid": 3503
    },
    {
        "bookingid": 3901
    },
    {
        "bookingid": 1568
    },
    {
        "bookingid": 4914
    },
    {
        "bookingid": 2125
    },
    {
        "bookingid": 5463
    },
    {
        "bookingid": 3893
    },
    {
        "bookingid": 4494
    },
    {
        "bookingid": 3242
    },
    {
        "bookingid": 5249
    },
    {
        "bookingid": 2946
    },
    {
        "bookingid": 5698
    },
    {
        "bookingid": 472
    },
    {
        "bookingid": 3937
    },
    {
        "bookingid": 3026
    },
    {
        "bookingid": 2911
    },
    {
        "bookingid": 1661
    },
    {
        "bookingid": 2687
    },
    {
        "bookingid": 1726
    },
    {
        "bookingid": 4665
    },
    {
        "bookingid": 1636
    },
    {
        "bookingid": 2365
    },
    {
        "bookingid": 2662
    },
    {
        "bookingid": 207
    },
    {
        "bookingid": 3530
    },
    {
        "bookingid": 5043
    },
    {
        "bookingid": 1763
    },
    {
        "bookingid": 491
    },
    {
        "bookingid": 3499
    },
    {
        "bookingid": 4921
    },
    {
        "bookingid": 22
    },
    {
        "bookingid": 2917
    },
    {
        "bookingid": 5382
    },
    {
        "bookingid": 693
    },
    {
        "bookingid": 5279
    },
    {
        "bookingid": 1019
    },
    {
        "bookingid": 2491
    },
    {
        "bookingid": 3445
    },
    {
        "bookingid": 977
    },
    {
        "bookingid": 1314
    },
    {
        "bookingid": 3637
    },
    {
        "bookingid": 4033
    },
    {
        "bookingid": 199
    },
    {
        "bookingid": 3427
    },
    {
        "bookingid": 4798
    },
    {
        "bookingid": 2528
    },
    {
        "bookingid": 3069
    },
    {
        "bookingid": 3467
    },
    {
        "bookingid": 1801
    },
    {
        "bookingid": 5697
    },
    {
        "bookingid": 3755
    },
    {
        "bookingid": 5703
    },
    {
        "bookingid": 839
    },
    {
        "bookingid": 3170
    },
    {
        "bookingid": 455
    },
    {
        "bookingid": 5345
    },
    {
        "bookingid": 23
    },
    {
        "bookingid": 2627
    },
    {
        "bookingid": 1691
    },
    {
        "bookingid": 2208
    },
    {
        "bookingid": 603
    },
    {
        "bookingid": 3017
    },
    {
        "bookingid": 1389
    },
    {
        "bookingid": 5097
    },
    {
        "bookingid": 1322
    },
    {
        "bookingid": 4111
    },
    {
        "bookingid": 3330
    },
    {
        "bookingid": 2444
    },
    {
        "bookingid": 3992
    },
    {
        "bookingid": 1628
    },
    {
        "bookingid": 1088
    },
    {
        "bookingid": 679
    },
    {
        "bookingid": 2271
    },
    {
        "bookingid": 5320
    },
    {
        "bookingid": 5427
    },
    {
        "bookingid": 1132
    },
    {
        "bookingid": 3759
    },
    {
        "bookingid": 1794
    },
    {
        "bookingid": 585
    },
    {
        "bookingid": 468
    },
    {
        "bookingid": 1006
    },
    {
        "bookingid": 2540
    },
    {
        "bookingid": 4802
    },
    {
        "bookingid": 2978
    },
    {
        "bookingid": 531
    },
    {
        "bookingid": 4332
    },
    {
        "bookingid": 1565
    },
    {
        "bookingid": 5028
    },
    {
        "bookingid": 3415
    },
    {
        "bookingid": 1521
    },
    {
        "bookingid": 2016
    },
    {
        "bookingid": 2430
    },
    {
        "bookingid": 3886
    },
    {
        "bookingid": 63
    },
    {
        "bookingid": 2264
    },
    {
        "bookingid": 2649
    },
    {
        "bookingid": 3218
    },
    {
        "bookingid": 3623
    },
    {
        "bookingid": 2110
    },
    {
        "bookingid": 804
    },
    {
        "bookingid": 187
    },
    {
        "bookingid": 4223
    },
    {
        "bookingid": 1039
    },
    {
        "bookingid": 2830
    },
    {
        "bookingid": 1971
    },
    {
        "bookingid": 1361
    },
    {
        "bookingid": 253
    },
    {
        "bookingid": 1941
    },
    {
        "bookingid": 155
    },
    {
        "bookingid": 2787
    },
    {
        "bookingid": 5268
    },
    {
        "bookingid": 3123
    },
    {
        "bookingid": 4418
    },
    {
        "bookingid": 1912
    },
    {
        "bookingid": 537
    },
    {
        "bookingid": 3186
    },
    {
        "bookingid": 379
    },
    {
        "bookingid": 3725
    },
    {
        "bookingid": 2550
    },
    {
        "bookingid": 3105
    },
    {
        "bookingid": 4792
    },
    {
        "bookingid": 1589
    },
    {
        "bookingid": 660
    },
    {
        "bookingid": 362
    },
    {
        "bookingid": 3662
    },
    {
        "bookingid": 1880
    },
    {
        "bookingid": 4002
    },
    {
        "bookingid": 3020
    },
    {
        "bookingid": 1229
    },
    {
        "bookingid": 3836
    },
    {
        "bookingid": 1272
    },
    {
        "bookingid": 802
    },
    {
        "bookingid": 3695
    },
    {
        "bookingid": 4998
    },
    {
        "bookingid": 1757
    },
    {
        "bookingid": 299
    },
    {
        "bookingid": 256
    },
    {
        "bookingid": 2732
    },
    {
        "bookingid": 2737
    },
    {
        "bookingid": 2654
    },
    {
        "bookingid": 5556
    },
    {
        "bookingid": 5503
    },
    {
        "bookingid": 5198
    },
    {
        "bookingid": 4869
    },
    {
        "bookingid": 1028
    },
    {
        "bookingid": 1723
    },
    {
        "bookingid": 2413
    },
    {
        "bookingid": 2870
    },
    {
        "bookingid": 1682
    },
    {
        "bookingid": 4035
    },
    {
        "bookingid": 1522
    },
    {
        "bookingid": 2443
    },
    {
        "bookingid": 171
    },
    {
        "bookingid": 2067
    },
    {
        "bookingid": 1829
    },
    {
        "bookingid": 4133
    },
    {
        "bookingid": 688
    },
    {
        "bookingid": 3816
    },
    {
        "bookingid": 3516
    },
    {
        "bookingid": 1249
    },
    {
        "bookingid": 4425
    },
    {
        "bookingid": 2060
    },
    {
        "bookingid": 5247
    },
    {
        "bookingid": 1802
    },
    {
        "bookingid": 1953
    },
    {
        "bookingid": 608
    },
    {
        "bookingid": 555
    },
    {
        "bookingid": 4104
    },
    {
        "bookingid": 2999
    },
    {
        "bookingid": 3311
    },
    {
        "bookingid": 166
    },
    {
        "bookingid": 3079
    },
    {
        "bookingid": 1915
    },
    {
        "bookingid": 1297
    },
    {
        "bookingid": 4039
    },
    {
        "bookingid": 5030
    },
    {
        "bookingid": 769
    },
    {
        "bookingid": 532
    },
    {
        "bookingid": 391
    },
    {
        "bookingid": 1944
    },
    {
        "bookingid": 2188
    },
    {
        "bookingid": 2882
    },
    {
        "bookingid": 1200
    },
    {
        "bookingid": 487
    },
    {
        "bookingid": 3820
    },
    {
        "bookingid": 1740
    },
    {
        "bookingid": 5684
    },
    {
        "bookingid": 3994
    },
    {
        "bookingid": 976
    },
    {
        "bookingid": 2105
    },
    {
        "bookingid": 3894
    },
    {
        "bookingid": 2409
    },
    {
        "bookingid": 3815
    },
    {
        "bookingid": 3916
    },
    {
        "bookingid": 1386
    },
    {
        "bookingid": 3159
    },
    {
        "bookingid": 2766
    },
    {
        "bookingid": 3550
    },
    {
        "bookingid": 1181
    },
    {
        "bookingid": 3559
    },
    {
        "bookingid": 3633
    },
    {
        "bookingid": 5013
    },
    {
        "bookingid": 3896
    },
    {
        "bookingid": 824
    },
    {
        "bookingid": 3639
    },
    {
        "bookingid": 1153
    },
    {
        "bookingid": 2853
    },
    {
        "bookingid": 5184
    },
    {
        "bookingid": 1145
    },
    {
        "bookingid": 2159
    },
    {
        "bookingid": 1091
    },
    {
        "bookingid": 438
    },
    {
        "bookingid": 4415
    },
    {
        "bookingid": 3660
    },
    {
        "bookingid": 1621
    },
    {
        "bookingid": 2058
    },
    {
        "bookingid": 5689
    },
    {
        "bookingid": 1632
    },
    {
        "bookingid": 1822
    },
    {
        "bookingid": 5
    },
    {
        "bookingid": 3935
    },
    {
        "bookingid": 891
    },
    {
        "bookingid": 4584
    },
    {
        "bookingid": 2639
    },
    {
        "bookingid": 5454
    },
    {
        "bookingid": 462
    },
    {
        "bookingid": 1330
    },
    {
        "bookingid": 2670
    },
    {
        "bookingid": 1841
    },
    {
        "bookingid": 2860
    },
    {
        "bookingid": 2965
    },
    {
        "bookingid": 2691
    },
    {
        "bookingid": 4089
    },
    {
        "bookingid": 5012
    },
    {
        "bookingid": 5521
    },
    {
        "bookingid": 2368
    },
    {
        "bookingid": 292
    },
    {
        "bookingid": 4627
    },
    {
        "bookingid": 208
    },
    {
        "bookingid": 1414
    },
    {
        "bookingid": 4480
    },
    {
        "bookingid": 3638
    },
    {
        "bookingid": 1004
    },
    {
        "bookingid": 1760
    },
    {
        "bookingid": 1815
    },
    {
        "bookingid": 3887
    },
    {
        "bookingid": 3489
    },
    {
        "bookingid": 4055
    },
    {
        "bookingid": 1901
    },
    {
        "bookingid": 2390
    },
    {
        "bookingid": 651
    },
    {
        "bookingid": 3795
    },
    {
        "bookingid": 2886
    },
    {
        "bookingid": 2855
    },
    {
        "bookingid": 759
    },
    {
        "bookingid": 1188
    },
    {
        "bookingid": 4166
    },
    {
        "bookingid": 2057
    },
    {
        "bookingid": 1238
    },
    {
        "bookingid": 84
    },
    {
        "bookingid": 1532
    },
    {
        "bookingid": 2922
    },
    {
        "bookingid": 338
    },
    {
        "bookingid": 2140
    },
    {
        "bookingid": 1528
    },
    {
        "bookingid": 3268
    },
    {
        "bookingid": 844
    },
    {
        "bookingid": 5293
    },
    {
        "bookingid": 841
    },
    {
        "bookingid": 2657
    },
    {
        "bookingid": 1992
    },
    {
        "bookingid": 2944
    },
    {
        "bookingid": 5397
    },
    {
        "bookingid": 1619
    },
    {
        "bookingid": 5363
    },
    {
        "bookingid": 5664
    },
    {
        "bookingid": 2904
    },
    {
        "bookingid": 3224
    },
    {
        "bookingid": 1385
    },
    {
        "bookingid": 1950
    },
    {
        "bookingid": 826
    },
    {
        "bookingid": 1152
    },
    {
        "bookingid": 3422
    },
    {
        "bookingid": 3582
    },
    {
        "bookingid": 2598
    },
    {
        "bookingid": 4390
    },
    {
        "bookingid": 490
    },
    {
        "bookingid": 4476
    },
    {
        "bookingid": 3081
    },
    {
        "bookingid": 4741
    },
    {
        "bookingid": 2200
    },
    {
        "bookingid": 1041
    },
    {
        "bookingid": 1881
    },
    {
        "bookingid": 2929
    },
    {
        "bookingid": 2724
    },
    {
        "bookingid": 4712
    },
    {
        "bookingid": 2561
    },
    {
        "bookingid": 1220
    },
    {
        "bookingid": 5210
    },
    {
        "bookingid": 1483
    },
    {
        "bookingid": 4468
    },
    {
        "bookingid": 385
    },
    {
        "bookingid": 5099
    },
    {
        "bookingid": 4438
    },
    {
        "bookingid": 1786
    },
    {
        "bookingid": 2867
    },
    {
        "bookingid": 43
    },
    {
        "bookingid": 112
    },
    {
        "bookingid": 407
    },
    {
        "bookingid": 2442
    },
    {
        "bookingid": 3642
    },
    {
        "bookingid": 3762
    },
    {
        "bookingid": 2887
    },
    {
        "bookingid": 2332
    },
    {
        "bookingid": 317
    },
    {
        "bookingid": 319
    },
    {
        "bookingid": 689
    },
    {
        "bookingid": 1963
    },
    {
        "bookingid": 3127
    },
    {
        "bookingid": 4001
    },
    {
        "bookingid": 5578
    },
    {
        "bookingid": 2560
    },
    {
        "bookingid": 5271
    },
    {
        "bookingid": 1328
    },
    {
        "bookingid": 2401
    },
    {
        "bookingid": 872
    },
    {
        "bookingid": 2633
    },
    {
        "bookingid": 4042
    },
    {
        "bookingid": 2555
    },
    {
        "bookingid": 123
    },
    {
        "bookingid": 1187
    },
    {
        "bookingid": 2513
    },
    {
        "bookingid": 2825
    },
    {
        "bookingid": 735
    },
    {
        "bookingid": 4889
    },
    {
        "bookingid": 2865
    },
    {
        "bookingid": 1709
    },
    {
        "bookingid": 3917
    },
    {
        "bookingid": 3019
    },
    {
        "bookingid": 3048
    },
    {
        "bookingid": 116
    },
    {
        "bookingid": 4178
    },
    {
        "bookingid": 237
    },
    {
        "bookingid": 4435
    },
    {
        "bookingid": 799
    },
    {
        "bookingid": 4004
    },
    {
        "bookingid": 1987
    },
    {
        "bookingid": 1699
    },
    {
        "bookingid": 98
    },
    {
        "bookingid": 4352
    },
    {
        "bookingid": 1137
    },
    {
        "bookingid": 3379
    },
    {
        "bookingid": 318
    },
    {
        "bookingid": 182
    },
    {
        "bookingid": 592
    },
    {
        "bookingid": 5520
    },
    {
        "bookingid": 2437
    },
    {
        "bookingid": 5389
    },
    {
        "bookingid": 1928
    },
    {
        "bookingid": 5508
    },
    {
        "bookingid": 4194
    },
    {
        "bookingid": 2064
    },
    {
        "bookingid": 4807
    },
    {
        "bookingid": 3600
    },
    {
        "bookingid": 3126
    },
    {
        "bookingid": 2277
    },
    {
        "bookingid": 2281
    },
    {
        "bookingid": 76
    },
    {
        "bookingid": 2334
    },
    {
        "bookingid": 1162
    },
    {
        "bookingid": 331
    },
    {
        "bookingid": 128
    },
    {
        "bookingid": 878
    },
    {
        "bookingid": 687
    },
    {
        "bookingid": 1836
    },
    {
        "bookingid": 732
    },
    {
        "bookingid": 2573
    },
    {
        "bookingid": 1166
    },
    {
        "bookingid": 1303
    },
    {
        "bookingid": 2682
    },
    {
        "bookingid": 542
    },
    {
        "bookingid": 1409
    },
    {
        "bookingid": 4645
    },
    {
        "bookingid": 2392
    },
    {
        "bookingid": 3508
    },
    {
        "bookingid": 5588
    },
    {
        "bookingid": 39
    },
    {
        "bookingid": 66
    },
    {
        "bookingid": 1201
    },
    {
        "bookingid": 1148
    },
    {
        "bookingid": 4043
    },
    {
        "bookingid": 4590
    },
    {
        "bookingid": 3430
    },
    {
        "bookingid": 2399
    },
    {
        "bookingid": 501
    },
    {
        "bookingid": 5418
    },
    {
        "bookingid": 3953
    },
    {
        "bookingid": 5614
    },
    {
        "bookingid": 5439
    },
    {
        "bookingid": 5487
    },
    {
        "bookingid": 3316
    },
    {
        "bookingid": 3978
    },
    {
        "bookingid": 3566
    },
    {
        "bookingid": 1554
    },
    {
        "bookingid": 2122
    },
    {
        "bookingid": 4657
    },
    {
        "bookingid": 871
    },
    {
        "bookingid": 2958
    },
    {
        "bookingid": 4815
    },
    {
        "bookingid": 2301
    },
    {
        "bookingid": 1816
    },
    {
        "bookingid": 934
    },
    {
        "bookingid": 3866
    },
    {
        "bookingid": 3325
    },
    {
        "bookingid": 1923
    },
    {
        "bookingid": 3889
    },
    {
        "bookingid": 825
    },
    {
        "bookingid": 3868
    },
    {
        "bookingid": 921
    },
    {
        "bookingid": 4728
    },
    {
        "bookingid": 2594
    },
    {
        "bookingid": 1276
    },
    {
        "bookingid": 2318
    },
    {
        "bookingid": 5702
    },
    {
        "bookingid": 165
    },
    {
        "bookingid": 4583
    },
    {
        "bookingid": 4095
    },
    {
        "bookingid": 5121
    },
    {
        "bookingid": 3166
    },
    {
        "bookingid": 5066
    },
    {
        "bookingid": 2431
    },
    {
        "bookingid": 1914
    },
    {
        "bookingid": 3118
    },
    {
        "bookingid": 3665
    },
    {
        "bookingid": 4821
    },
    {
        "bookingid": 398
    },
    {
        "bookingid": 2743
    },
    {
        "bookingid": 5492
    },
    {
        "bookingid": 2435
    },
    {
        "bookingid": 653
    },
    {
        "bookingid": 3698
    },
    {
        "bookingid": 664
    },
    {
        "bookingid": 3902
    },
    {
        "bookingid": 2995
    },
    {
        "bookingid": 3272
    },
    {
        "bookingid": 2359
    },
    {
        "bookingid": 2715
    },
    {
        "bookingid": 1745
    },
    {
        "bookingid": 1790
    },
    {
        "bookingid": 2454
    },
    {
        "bookingid": 539
    },
    {
        "bookingid": 4355
    },
    {
        "bookingid": 846
    },
    {
        "bookingid": 1495
    },
    {
        "bookingid": 2785
    },
    {
        "bookingid": 4816
    },
    {
        "bookingid": 4437
    },
    {
        "bookingid": 3223
    },
    {
        "bookingid": 104
    },
    {
        "bookingid": 1261
    },
    {
        "bookingid": 3369
    },
    {
        "bookingid": 787
    },
    {
        "bookingid": 997
    },
    {
        "bookingid": 2020
    },
    {
        "bookingid": 2783
    },
    {
        "bookingid": 2204
    },
    {
        "bookingid": 4056
    },
    {
        "bookingid": 5719
    },
    {
        "bookingid": 924
    },
    {
        "bookingid": 1890
    },
    {
        "bookingid": 2343
    },
    {
        "bookingid": 344
    },
    {
        "bookingid": 3690
    },
    {
        "bookingid": 1964
    },
    {
        "bookingid": 2888
    },
    {
        "bookingid": 720
    },
    {
        "bookingid": 3569
    },
    {
        "bookingid": 4831
    },
    {
        "bookingid": 4875
    },
    {
        "bookingid": 1927
    },
    {
        "bookingid": 1776
    },
    {
        "bookingid": 5068
    },
    {
        "bookingid": 3407
    },
    {
        "bookingid": 1945
    },
    {
        "bookingid": 46
    },
    {
        "bookingid": 5621
    },
    {
        "bookingid": 2969
    },
    {
        "bookingid": 347
    },
    {
        "bookingid": 2738
    },
    {
        "bookingid": 3455
    },
    {
        "bookingid": 2777
    },
    {
        "bookingid": 2925
    },
    {
        "bookingid": 4694
    },
    {
        "bookingid": 2355
    },
    {
        "bookingid": 3184
    },
    {
        "bookingid": 5291
    },
    {
        "bookingid": 2497
    },
    {
        "bookingid": 1797
    },
    {
        "bookingid": 2707
    },
    {
        "bookingid": 1167
    },
    {
        "bookingid": 2137
    },
    {
        "bookingid": 1340
    },
    {
        "bookingid": 2600
    },
    {
        "bookingid": 3308
    },
    {
        "bookingid": 1869
    },
    {
        "bookingid": 336
    },
    {
        "bookingid": 992
    },
    {
        "bookingid": 1310
    },
    {
        "bookingid": 5290
    },
    {
        "bookingid": 2468
    },
    {
        "bookingid": 1543
    },
    {
        "bookingid": 508
    },
    {
        "bookingid": 5321
    },
    {
        "bookingid": 2396
    },
    {
        "bookingid": 2619
    },
    {
        "bookingid": 1847
    },
    {
        "bookingid": 2891
    },
    {
        "bookingid": 1071
    },
    {
        "bookingid": 3911
    },
    {
        "bookingid": 2967
    },
    {
        "bookingid": 671
    },
    {
        "bookingid": 2198
    },
    {
        "bookingid": 1767
    },
    {
        "bookingid": 517
    },
    {
        "bookingid": 3259
    },
    {
        "bookingid": 5671
    },
    {
        "bookingid": 831
    },
    {
        "bookingid": 4746
    },
    {
        "bookingid": 2868
    },
    {
        "bookingid": 3289
    },
    {
        "bookingid": 5517
    },
    {
        "bookingid": 223
    },
    {
        "bookingid": 1926
    },
    {
        "bookingid": 3850
    },
    {
        "bookingid": 3245
    },
    {
        "bookingid": 79
    },
    {
        "bookingid": 579
    },
    {
        "bookingid": 2
    },
    {
        "bookingid": 1609
    },
    {
        "bookingid": 3696
    },
    {
        "bookingid": 33
    },
    {
        "bookingid": 446
    },
    {
        "bookingid": 5042
    },
    {
        "bookingid": 3460
    },
    {
        "bookingid": 606
    },
    {
        "bookingid": 3096
    },
    {
        "bookingid": 1180
    },
    {
        "bookingid": 3329
    },
    {
        "bookingid": 630
    },
    {
        "bookingid": 3087
    },
    {
        "bookingid": 3941
    },
    {
        "bookingid": 3375
    },
    {
        "bookingid": 4363
    },
    {
        "bookingid": 5529
    },
    {
        "bookingid": 3253
    },
    {
        "bookingid": 4549
    },
    {
        "bookingid": 2042
    },
    {
        "bookingid": 2489
    },
    {
        "bookingid": 622
    },
    {
        "bookingid": 3321
    },
    {
        "bookingid": 1710
    },
    {
        "bookingid": 988
    },
    {
        "bookingid": 1692
    },
    {
        "bookingid": 2476
    },
    {
        "bookingid": 3071
    },
    {
        "bookingid": 3936
    },
    {
        "bookingid": 328
    },
    {
        "bookingid": 3980
    },
    {
        "bookingid": 2648
    },
    {
        "bookingid": 303
    },
    {
        "bookingid": 5651
    },
    {
        "bookingid": 3608
    },
    {
        "bookingid": 3989
    },
    {
        "bookingid": 1539
    },
    {
        "bookingid": 3387
    },
    {
        "bookingid": 4108
    },
    {
        "bookingid": 1742
    },
    {
        "bookingid": 2171
    },
    {
        "bookingid": 1604
    },
    {
        "bookingid": 2029
    },
    {
        "bookingid": 4367
    },
    {
        "bookingid": 2564
    },
    {
        "bookingid": 4961
    },
    {
        "bookingid": 1026
    },
    {
        "bookingid": 754
    },
    {
        "bookingid": 3929
    },
    {
        "bookingid": 2216
    },
    {
        "bookingid": 1600
    },
    {
        "bookingid": 62
    },
    {
        "bookingid": 3717
    },
    {
        "bookingid": 2752
    },
    {
        "bookingid": 1121
    },
    {
        "bookingid": 958
    },
    {
        "bookingid": 107
    },
    {
        "bookingid": 2740
    },
    {
        "bookingid": 1033
    },
    {
        "bookingid": 3274
    },
    {
        "bookingid": 819
    },
    {
        "bookingid": 1363
    },
    {
        "bookingid": 1334
    },
    {
        "bookingid": 5462
    },
    {
        "bookingid": 2153
    },
    {
        "bookingid": 4228
    },
    {
        "bookingid": 792
    },
    {
        "bookingid": 5562
    },
    {
        "bookingid": 5452
    },
    {
        "bookingid": 5572
    },
    {
        "bookingid": 358
    },
    {
        "bookingid": 5738
    },
    {
        "bookingid": 1736
    },
    {
        "bookingid": 928
    },
    {
        "bookingid": 3859
    },
    {
        "bookingid": 4496
    },
    {
        "bookingid": 2417
    },
    {
        "bookingid": 4770
    },
    {
        "bookingid": 3150
    },
    {
        "bookingid": 2081
    },
    {
        "bookingid": 3162
    },
    {
        "bookingid": 2906
    },
    {
        "bookingid": 1103
    },
    {
        "bookingid": 3068
    },
    {
        "bookingid": 502
    },
    {
        "bookingid": 4199
    },
    {
        "bookingid": 136
    },
    {
        "bookingid": 2913
    },
    {
        "bookingid": 2577
    },
    {
        "bookingid": 3590
    },
    {
        "bookingid": 2483
    },
    {
        "bookingid": 2645
    },
    {
        "bookingid": 1079
    },
    {
        "bookingid": 2317
    },
    {
        "bookingid": 3267
    },
    {
        "bookingid": 2360
    },
    {
        "bookingid": 3676
    },
    {
        "bookingid": 3656
    },
    {
        "bookingid": 634
    },
    {
        "bookingid": 3703
    },
    {
        "bookingid": 5581
    },
    {
        "bookingid": 2247
    },
    {
        "bookingid": 4863
    },
    {
        "bookingid": 2391
    },
    {
        "bookingid": 3473
    },
    {
        "bookingid": 5276
    },
    {
        "bookingid": 2826
    },
    {
        "bookingid": 3010
    },
    {
        "bookingid": 1708
    },
    {
        "bookingid": 3328
    },
    {
        "bookingid": 5475
    },
    {
        "bookingid": 3838
    },
    {
        "bookingid": 2776
    },
    {
        "bookingid": 1510
    },
    {
        "bookingid": 982
    },
    {
        "bookingid": 5458
    },
    {
        "bookingid": 433
    },
    {
        "bookingid": 2017
    },
    {
        "bookingid": 3857
    },
    {
        "bookingid": 3546
    },
    {
        "bookingid": 1592
    },
    {
        "bookingid": 3145
    },
    {
        "bookingid": 5606
    },
    {
        "bookingid": 4580
    },
    {
        "bookingid": 1634
    },
    {
        "bookingid": 2502
    },
    {
        "bookingid": 1125
    },
    {
        "bookingid": 2070
    },
    {
        "bookingid": 2266
    },
    {
        "bookingid": 5196
    },
    {
        "bookingid": 3906
    },
    {
        "bookingid": 1748
    },
    {
        "bookingid": 577
    },
    {
        "bookingid": 3856
    },
    {
        "bookingid": 126
    },
    {
        "bookingid": 5727
    },
    {
        "bookingid": 3775
    },
    {
        "bookingid": 2630
    },
    {
        "bookingid": 4062
    },
    {
        "bookingid": 504
    },
    {
        "bookingid": 5618
    },
    {
        "bookingid": 2292
    },
    {
        "bookingid": 5163
    },
    {
        "bookingid": 684
    },
    {
        "bookingid": 773
    },
    {
        "bookingid": 2816
    },
    {
        "bookingid": 3470
    },
    {
        "bookingid": 3209
    },
    {
        "bookingid": 4773
    },
    {
        "bookingid": 1197
    },
    {
        "bookingid": 5658
    },
    {
        "bookingid": 5486
    },
    {
        "bookingid": 2361
    },
    {
        "bookingid": 1323
    },
    {
        "bookingid": 4827
    },
    {
        "bookingid": 5726
    },
    {
        "bookingid": 1711
    },
    {
        "bookingid": 3998
    },
    {
        "bookingid": 5725
    },
    {
        "bookingid": 3434
    },
    {
        "bookingid": 150
    },
    {
        "bookingid": 2790
    },
    {
        "bookingid": 2894
    },
    {
        "bookingid": 597
    },
    {
        "bookingid": 1936
    },
    {
        "bookingid": 1675
    },
    {
        "bookingid": 5624
    },
    {
        "bookingid": 1062
    },
    {
        "bookingid": 1635
    },
    {
        "bookingid": 3749
    },
    {
        "bookingid": 4530
    },
    {
        "bookingid": 2180
    },
    {
        "bookingid": 3747
    },
    {
        "bookingid": 2569
    },
    {
        "bookingid": 1076
    },
    {
        "bookingid": 5298
    },
    {
        "bookingid": 1702
    },
    {
        "bookingid": 586
    },
    {
        "bookingid": 4803
    },
    {
        "bookingid": 818
    },
    {
        "bookingid": 835
    },
    {
        "bookingid": 3322
    },
    {
        "bookingid": 1859
    },
    {
        "bookingid": 2878
    },
    {
        "bookingid": 3483
    },
    {
        "bookingid": 1119
    },
    {
        "bookingid": 222
    },
    {
        "bookingid": 1053
    },
    {
        "bookingid": 2142
    },
    {
        "bookingid": 4107
    },
    {
        "bookingid": 5324
    },
    {
        "bookingid": 4377
    },
    {
        "bookingid": 4094
    },
    {
        "bookingid": 3477
    },
    {
        "bookingid": 5374
    },
    {
        "bookingid": 2021
    },
    {
        "bookingid": 4599
    },
    {
        "bookingid": 2425
    },
    {
        "bookingid": 1331
    },
    {
        "bookingid": 4642
    },
    {
        "bookingid": 2022
    },
    {
        "bookingid": 3310
    },
    {
        "bookingid": 1612
    },
    {
        "bookingid": 3899
    },
    {
        "bookingid": 1284
    },
    {
        "bookingid": 5377
    },
    {
        "bookingid": 251
    },
    {
        "bookingid": 3305
    },
    {
        "bookingid": 481
    },
    {
        "bookingid": 2427
    },
    {
        "bookingid": 3181
    },
    {
        "bookingid": 124
    },
    {
        "bookingid": 2955
    },
    {
        "bookingid": 3302
    },
    {
        "bookingid": 2151
    },
    {
        "bookingid": 1420
    },
    {
        "bookingid": 702
    },
    {
        "bookingid": 3104
    },
    {
        "bookingid": 3447
    },
    {
        "bookingid": 737
    },
    {
        "bookingid": 10
    },
    {
        "bookingid": 3701
    },
    {
        "bookingid": 3959
    },
    {
        "bookingid": 5227
    },
    {
        "bookingid": 880
    },
    {
        "bookingid": 2207
    },
    {
        "bookingid": 4209
    },
    {
        "bookingid": 5490
    },
    {
        "bookingid": 639
    },
    {
        "bookingid": 4012
    },
    {
        "bookingid": 912
    },
    {
        "bookingid": 914
    },
    {
        "bookingid": 1616
    },
    {
        "bookingid": 1184
    },
    {
        "bookingid": 3376
    },
    {
        "bookingid": 708
    },
    {
        "bookingid": 2735
    },
    {
        "bookingid": 1280
    },
    {
        "bookingid": 94
    },
    {
        "bookingid": 4592
    },
    {
        "bookingid": 47
    },
    {
        "bookingid": 4020
    },
    {
        "bookingid": 4896
    },
    {
        "bookingid": 4598
    },
    {
        "bookingid": 1395
    },
    {
        "bookingid": 2135
    },
    {
        "bookingid": 1770
    },
    {
        "bookingid": 160
    },
    {
        "bookingid": 4212
    },
    {
        "bookingid": 5656
    },
    {
        "bookingid": 712
    },
    {
        "bookingid": 3444
    },
    {
        "bookingid": 4341
    },
    {
        "bookingid": 4567
    },
    {
        "bookingid": 1512
    },
    {
        "bookingid": 3164
    },
    {
        "bookingid": 35
    },
    {
        "bookingid": 451
    },
    {
        "bookingid": 2335
    },
    {
        "bookingid": 5204
    },
    {
        "bookingid": 304
    },
    {
        "bookingid": 3066
    },
    {
        "bookingid": 3187
    },
    {
        "bookingid": 3558
    },
    {
        "bookingid": 2455
    },
    {
        "bookingid": 2098
    },
    {
        "bookingid": 3099
    },
    {
        "bookingid": 2742
    },
    {
        "bookingid": 2516
    },
    {
        "bookingid": 1782
    },
    {
        "bookingid": 2069
    },
    {
        "bookingid": 196
    },
    {
        "bookingid": 2496
    },
    {
        "bookingid": 3733
    },
    {
        "bookingid": 1365
    },
    {
        "bookingid": 637
    },
    {
        "bookingid": 3060
    },
    {
        "bookingid": 2065
    },
    {
        "bookingid": 4963
    },
    {
        "bookingid": 3707
    },
    {
        "bookingid": 4711
    },
    {
        "bookingid": 4046
    },
    {
        "bookingid": 2433
    },
    {
        "bookingid": 1087
    },
    {
        "bookingid": 4068
    },
    {
        "bookingid": 2704
    },
    {
        "bookingid": 1622
    },
    {
        "bookingid": 823
    },
    {
        "bookingid": 2129
    },
    {
        "bookingid": 794
    },
    {
        "bookingid": 2183
    },
    {
        "bookingid": 4924
    },
    {
        "bookingid": 117
    },
    {
        "bookingid": 1668
    },
    {
        "bookingid": 808
    },
    {
        "bookingid": 1126
    },
    {
        "bookingid": 723
    },
    {
        "bookingid": 793
    },
    {
        "bookingid": 2263
    },
    {
        "bookingid": 3763
    },
    {
        "bookingid": 869
    },
    {
        "bookingid": 4067
    },
    {
        "bookingid": 2547
    },
    {
        "bookingid": 296
    },
    {
        "bookingid": 3234
    },
    {
        "bookingid": 1858
    },
    {
        "bookingid": 1750
    },
    {
        "bookingid": 5105
    },
    {
        "bookingid": 5088
    },
    {
        "bookingid": 4985
    },
    {
        "bookingid": 3243
    },
    {
        "bookingid": 404
    }
]
]]></system-out>
  </testcase>
</testsuite>