<?xml version="1.0" encoding="UTF-8"?>
<!-- Generated by org.testng.reporters.JUnitReportReporter -->
<testsuite hostname="DESKTOP-6RNNSA7" failures="0" tests="1" name="log_methods.log_methods" time="2.655" errors="0" timestamp="2025-02-20T20:49:47 IST" skipped="0">
  <testcase classname="log_methods.log_methods" name="log_methods" time="2.655"/>
</testsuite> <!-- log_methods.log_methods -->
