<?xml version="1.0" encoding="UTF-8"?>
<!-- Generated by org.testng.reporters.JUnitReportReporter -->
<testsuite hostname="DESKTOP-6RNNSA7" failures="0" tests="1" name="utils.methods" time="1.208" errors="0" timestamp="2025-02-18T12:29:03 IST" skipped="0">
  <testcase classname="utils.methods" name="readExcelData" time="1.208"/>
</testsuite> <!-- utils.methods -->
