<?xml version="1.0" encoding="UTF-8"?>
<!-- Generated by org.testng.reporters.JUnitReportReporter -->
<testsuite hostname="DESKTOP-6RNNSA7" failures="0" tests="8" name="test.Herokuapp_test" time="20.253" errors="0" timestamp="2025-02-21T15:10:49 IST" skipped="0">
  <testcase classname="test.Herokuapp_test" name="HealthCheck" time="6.208"/>
  <testcase classname="test.Herokuapp_test" name="auth_token" time="2.763"/>
  <testcase classname="test.Herokuapp_test" name="creatBooking" time="2.647"/>
  <testcase classname="test.Herokuapp_test" name="getBookingviaID" time="1.649"/>
  <testcase classname="test.Herokuapp_test" name="updateBooking" time="1.602"/>
  <testcase classname="test.Herokuapp_test" name="patchUpdate" time="1.609"/>
  <testcase classname="test.Herokuapp_test" name="delete" time="1.445"/>
  <testcase classname="test.Herokuapp_test" name="getbookings" time="2.330"/>
</testsuite> <!-- test.Herokuapp_test -->
